[ 2015-01-30T14:39:04+08:00 ] /crm/index.php/Public/login | INFO: Tag[ route_check ] --START--
[ 2015-01-30T14:39:04+08:00 ] /crm/index.php/Public/login | INFO: Run CheckRoute Behavior [ RunTime:0.002000s ]
[ 2015-01-30T14:39:04+08:00 ] /crm/index.php/Public/login | INFO: Tag[ route_check ] --END-- [ RunTime:0.003000s ]
[ 2015-01-30T14:39:04+08:00 ] /crm/index.php/Public/login | INFO: Tag[ app_begin ] --START--
[ 2015-01-30T14:39:04+08:00 ] /crm/index.php/Public/login | INFO: Run ReadHtmlCache Behavior [ RunTime:0.002000s ]
[ 2015-01-30T14:39:04+08:00 ] /crm/index.php/Public/login | INFO: Tag[ app_begin ] --END-- [ RunTime:0.002000s ]
[ 2015-01-30T14:39:04+08:00 ] /crm/index.php/Public/login | INFO: Tag[ view_template ] --START--
[ 2015-01-30T14:39:04+08:00 ] /crm/index.php/Public/login | INFO: Run LocationTemplate Behavior [ RunTime:0.010001s ]
[ 2015-01-30T14:39:04+08:00 ] /crm/index.php/Public/login | INFO: Tag[ view_template ] --END-- [ RunTime:0.010001s ]
[ 2015-01-30T14:39:04+08:00 ] /crm/index.php/Public/login | INFO: Tag[ view_parse ] --START--
[ 2015-01-30T14:39:04+08:00 ] /crm/index.php/Public/login | INFO: Run ParseTemplate Behavior [ RunTime:0.063004s ]
[ 2015-01-30T14:39:04+08:00 ] /crm/index.php/Public/login | INFO: Tag[ view_parse ] --END-- [ RunTime:0.063004s ]
[ 2015-01-30T14:39:04+08:00 ] /crm/index.php/Public/login | INFO: Tag[ view_filter ] --START--
[ 2015-01-30T14:39:04+08:00 ] /crm/index.php/Public/login | INFO: Run ContentReplace Behavior [ RunTime:0.008000s ]
[ 2015-01-30T14:39:04+08:00 ] /crm/index.php/Public/login | INFO: Run TokenBuild Behavior [ RunTime:0.002000s ]
[ 2015-01-30T14:39:04+08:00 ] /crm/index.php/Public/login | INFO: Run WriteHtmlCache Behavior [ RunTime:0.002000s ]
[ 2015-01-30T14:39:04+08:00 ] /crm/index.php/Public/login | INFO: Run ShowRuntime Behavior [ RunTime:0.001000s ]
[ 2015-01-30T14:39:04+08:00 ] /crm/index.php/Public/login | INFO: Tag[ view_filter ] --END-- [ RunTime:0.013000s ]
[ 2015-01-30T14:39:04+08:00 ] /crm/index.php/Public/login | INFO: Tag[ view_end ] --START--
[ 2015-01-30T14:39:04+08:00 ] /crm/index.php/Public/login | INFO: Run ShowPageTrace Behavior [ RunTime:0.001000s ]
[ 2015-01-30T14:39:04+08:00 ] /crm/index.php/Public/login | INFO: Tag[ view_end ] --END-- [ RunTime:0.001000s ]
[ 2015-01-30T14:39:04+08:00 ] /crm/index.php/Public/verify | INFO: Tag[ route_check ] --START--
[ 2015-01-30T14:39:04+08:00 ] /crm/index.php/Public/verify | INFO: Run CheckRoute Behavior [ RunTime:0.002000s ]
[ 2015-01-30T14:39:04+08:00 ] /crm/index.php/Public/verify | INFO: Tag[ route_check ] --END-- [ RunTime:0.002000s ]
[ 2015-01-30T14:39:04+08:00 ] /crm/index.php/Public/verify | INFO: Tag[ app_begin ] --START--
[ 2015-01-30T14:39:04+08:00 ] /crm/index.php/Public/verify | INFO: Run ReadHtmlCache Behavior [ RunTime:0.002000s ]
[ 2015-01-30T14:39:04+08:00 ] /crm/index.php/Public/verify | INFO: Tag[ app_begin ] --END-- [ RunTime:0.002000s ]
[ 2015-01-30T14:39:05+08:00 ] /crm/index.php/Public/verify | NOTIC: [8] Undefined variable: disturb Image.class.php 第 340 行.
[ 2015-01-30T14:39:15+08:00 ] /crm/index.php/Index/index | INFO: Tag[ route_check ] --START--
[ 2015-01-30T14:39:15+08:00 ] /crm/index.php/Index/index | INFO: Run CheckRoute Behavior [ RunTime:0.002000s ]
[ 2015-01-30T14:39:15+08:00 ] /crm/index.php/Index/index | INFO: Tag[ route_check ] --END-- [ RunTime:0.002000s ]
[ 2015-01-30T14:39:15+08:00 ] /crm/index.php/Index/index | INFO: Tag[ app_begin ] --START--
[ 2015-01-30T14:39:15+08:00 ] /crm/index.php/Index/index | INFO: Run ReadHtmlCache Behavior [ RunTime:0.001000s ]
[ 2015-01-30T14:39:15+08:00 ] /crm/index.php/Index/index | INFO: Tag[ app_begin ] --END-- [ RunTime:0.001000s ]
[ 2015-01-30T14:39:15+08:00 ] /crm/index.php/Index/index | INFO: Tag[ view_template ] --START--
[ 2015-01-30T14:39:15+08:00 ] /crm/index.php/Index/index | INFO: Run LocationTemplate Behavior [ RunTime:0.001000s ]
[ 2015-01-30T14:39:15+08:00 ] /crm/index.php/Index/index | INFO: Tag[ view_template ] --END-- [ RunTime:0.001000s ]
[ 2015-01-30T14:39:15+08:00 ] /crm/index.php/Index/index | INFO: Tag[ view_parse ] --START--
[ 2015-01-30T14:39:15+08:00 ] /crm/index.php/Index/index | INFO: Run ParseTemplate Behavior [ RunTime:0.035002s ]
[ 2015-01-30T14:39:15+08:00 ] /crm/index.php/Index/index | INFO: Tag[ view_parse ] --END-- [ RunTime:0.035002s ]
[ 2015-01-30T14:39:15+08:00 ] /crm/index.php/Index/index | INFO: Tag[ view_filter ] --START--
[ 2015-01-30T14:39:15+08:00 ] /crm/index.php/Index/index | INFO: Run ContentReplace Behavior [ RunTime:0.002000s ]
[ 2015-01-30T14:39:15+08:00 ] /crm/index.php/Index/index | INFO: Run TokenBuild Behavior [ RunTime:0.001000s ]
[ 2015-01-30T14:39:15+08:00 ] /crm/index.php/Index/index | INFO: Run WriteHtmlCache Behavior [ RunTime:0.001000s ]
[ 2015-01-30T14:39:15+08:00 ] /crm/index.php/Index/index | INFO: Run ShowRuntime Behavior [ RunTime:0.001000s ]
[ 2015-01-30T14:39:15+08:00 ] /crm/index.php/Index/index | INFO: Tag[ view_filter ] --END-- [ RunTime:0.005000s ]
[ 2015-01-30T14:39:15+08:00 ] /crm/index.php/Index/index | INFO: Tag[ view_end ] --START--
[ 2015-01-30T14:39:15+08:00 ] /crm/index.php/Index/index | INFO: Run ShowPageTrace Behavior [ RunTime:0.001000s ]
[ 2015-01-30T14:39:15+08:00 ] /crm/index.php/Index/index | INFO: Tag[ view_end ] --END-- [ RunTime:0.001000s ]
[ 2015-01-30T14:39:15+08:00 ] /crm/index.php/Index/top | INFO: Tag[ route_check ] --START--
[ 2015-01-30T14:39:15+08:00 ] /crm/index.php/Index/top | INFO: Run CheckRoute Behavior [ RunTime:0.001000s ]
[ 2015-01-30T14:39:15+08:00 ] /crm/index.php/Index/top | INFO: Tag[ route_check ] --END-- [ RunTime:0.001000s ]
[ 2015-01-30T14:39:15+08:00 ] /crm/index.php/Index/top | INFO: Tag[ app_begin ] --START--
[ 2015-01-30T14:39:15+08:00 ] /crm/index.php/Index/top | INFO: Run ReadHtmlCache Behavior [ RunTime:0.001000s ]
[ 2015-01-30T14:39:15+08:00 ] /crm/index.php/Index/top | INFO: Tag[ app_begin ] --END-- [ RunTime:0.001000s ]
[ 2015-01-30T14:39:15+08:00 ] /crm/index.php/Index/top | INFO: Tag[ view_template ] --START--
[ 2015-01-30T14:39:15+08:00 ] /crm/index.php/Index/top | INFO: Run LocationTemplate Behavior [ RunTime:0.002000s ]
[ 2015-01-30T14:39:15+08:00 ] /crm/index.php/Index/top | INFO: Tag[ view_template ] --END-- [ RunTime:0.002000s ]
[ 2015-01-30T14:39:15+08:00 ] /crm/index.php/Index/top | INFO: Tag[ view_parse ] --START--
[ 2015-01-30T14:39:15+08:00 ] /crm/index.php/Index/top | NOTIC: [8] Undefined variable: title c46541ede516b5316fa1d0758f8171a9.php 第 9 行.
[ 2015-01-30T14:39:15+08:00 ] /crm/index.php/Index/top | INFO: Run ParseTemplate Behavior [ RunTime:0.020002s ]
[ 2015-01-30T14:39:15+08:00 ] /crm/index.php/Index/top | INFO: Tag[ view_parse ] --END-- [ RunTime:0.020002s ]
[ 2015-01-30T14:39:15+08:00 ] /crm/index.php/Index/top | INFO: Tag[ view_filter ] --START--
[ 2015-01-30T14:39:15+08:00 ] /crm/index.php/Index/top | INFO: Run ContentReplace Behavior [ RunTime:0.002000s ]
[ 2015-01-30T14:39:15+08:00 ] /crm/index.php/Index/top | INFO: Run TokenBuild Behavior [ RunTime:0.001000s ]
[ 2015-01-30T14:39:15+08:00 ] /crm/index.php/Index/top | INFO: Run WriteHtmlCache Behavior [ RunTime:0.001000s ]
[ 2015-01-30T14:39:15+08:00 ] /crm/index.php/Index/top | INFO: Run ShowRuntime Behavior [ RunTime:0.001000s ]
[ 2015-01-30T14:39:15+08:00 ] /crm/index.php/Index/top | INFO: Tag[ view_filter ] --END-- [ RunTime:0.005000s ]
[ 2015-01-30T14:39:15+08:00 ] /crm/index.php/Index/top | INFO: Tag[ view_end ] --START--
[ 2015-01-30T14:39:15+08:00 ] /crm/index.php/Index/top | INFO: Run ShowPageTrace Behavior [ RunTime:0.001000s ]
[ 2015-01-30T14:39:15+08:00 ] /crm/index.php/Index/top | INFO: Tag[ view_end ] --END-- [ RunTime:0.001000s ]
[ 2015-01-30T14:39:15+08:00 ] /crm/index.php/Index/zhu | INFO: Tag[ route_check ] --START--
[ 2015-01-30T14:39:15+08:00 ] /crm/index.php/Index/zhu | INFO: Run CheckRoute Behavior [ RunTime:0.002000s ]
[ 2015-01-30T14:39:15+08:00 ] /crm/index.php/Index/zhu | INFO: Tag[ route_check ] --END-- [ RunTime:0.002000s ]
[ 2015-01-30T14:39:15+08:00 ] /crm/index.php/Index/zhu | INFO: Tag[ app_begin ] --START--
[ 2015-01-30T14:39:15+08:00 ] /crm/index.php/Index/zhu | INFO: Run ReadHtmlCache Behavior [ RunTime:0.001000s ]
[ 2015-01-30T14:39:15+08:00 ] /crm/index.php/Index/zhu | INFO: Tag[ app_begin ] --END-- [ RunTime:0.001000s ]
[ 2015-01-30T14:39:15+08:00 ] /crm/index.php/Index/zhu | SQL: SHOW COLUMNS FROM `crm_cus_info` [ RunTime:0.026002s ]
[ 2015-01-30T14:39:15+08:00 ] /crm/index.php/Index/zhu | SQL: SHOW COLUMNS FROM `crm_cron` [ RunTime:0.009001s ]
[ 2015-01-30T14:39:15+08:00 ] /crm/index.php/Index/zhu | SQL: SELECT * FROM `crm_cron` WHERE ( `uid` = 70 ) AND ( `nexttime` >= 1422599955 )  [ RunTime:0.001000s ]
[ 2015-01-30T14:39:15+08:00 ] /crm/index.php/Index/zhu | NOTIC: [2] Invalid argument supplied for foreach() IndexAction.class.php 第 21 行.
[ 2015-01-30T14:39:15+08:00 ] /crm/index.php/Index/zhu | SQL: select count(c.id) as count,u.uid,u.uname,u.rank from crm_cus_info as c,crm_user as u where u.department=2 and c.salemanId=u.uid group by c.salemanId order by count desc [ RunTime:0.012000s ]
[ 2015-01-30T14:39:15+08:00 ] /crm/index.php/Index/zhu | NOTIC: [8] Undefined offset: 0 IndexAction.class.php 第 36 行.
[ 2015-01-30T14:39:15+08:00 ] /crm/index.php/Index/zhu | SQL: SELECT * FROM `crm_cus_info` WHERE ( `ctime` >= 1420041600 ) AND ( `salemanId` = 70 )  [ RunTime:0.002001s ]
[ 2015-01-30T14:39:15+08:00 ] /crm/index.php/Index/zhu | SQL: SHOW COLUMNS FROM `crm_products` [ RunTime:0.059003s ]
[ 2015-01-30T14:39:15+08:00 ] /crm/index.php/Index/zhu | SQL: SHOW COLUMNS FROM `crm_cus_info` [ RunTime:0.006000s ]
[ 2015-01-30T14:39:15+08:00 ] /crm/index.php/Index/zhu | SQL: SHOW COLUMNS FROM `crm_order` [ RunTime:0.019001s ]
[ 2015-01-30T14:39:15+08:00 ] /crm/index.php/Index/zhu | SQL: SHOW COLUMNS FROM `crm_protype` [ RunTime:0.009001s ]
[ 2015-01-30T14:39:15+08:00 ] /crm/index.php/Index/zhu | SQL: SELECT o.id AS order_id FROM crm_products o  JOIN crm_cus_info c ON o.cusid=c.id  JOIN crm_order od ON od.product_id=o.id  JOIN crm_protype p ON o.pid=p.tid WHERE ( o.ctime >= 1420041600 ) AND ( c.salemanId = '70' )  [ RunTime:0.001000s ]
[ 2015-01-30T14:39:15+08:00 ] /crm/index.php/Index/zhu | NOTIC: [2] Invalid argument supplied for foreach() IndexAction.class.php 第 51 行.
[ 2015-01-30T14:39:15+08:00 ] /crm/index.php/Index/zhu | SQL: SHOW COLUMNS FROM `crm_order` [ RunTime:0.005000s ]
[ 2015-01-30T14:39:15+08:00 ] /crm/index.php/Index/zhu | NOTIC: [2] implode(): Invalid arguments passed Db.class.php 第 538 行.
[ 2015-01-30T14:39:15+08:00 ] /crm/index.php/Index/zhu | SQL: SELECT SUM(payment) AS tp_sum FROM `crm_order` WHERE ( `product_id` IN () ) AND ( `is_on` = 'enabled' ) AND ( `from` >= 1420041600 ) LIMIT 1   [ RunTime:0.001000s ]
[ 2015-01-30T14:39:15+08:00 ] /crm/index.php/Index/zhu | SQL: SHOW COLUMNS FROM `crm_order` [ RunTime:0.005001s ]
[ 2015-01-30T14:39:15+08:00 ] /crm/index.php/Index/zhu | NOTIC: [2] implode(): Invalid arguments passed Db.class.php 第 538 行.
[ 2015-01-30T14:39:15+08:00 ] /crm/index.php/Index/zhu | SQL: SELECT SUM(paid) AS tp_sum FROM `crm_order` WHERE ( `product_id` IN () ) AND ( `is_on` = 'enabled' ) AND ( `from` >= 1420041600 ) LIMIT 1   [ RunTime:0.000000s ]
[ 2015-01-30T14:39:16+08:00 ] /crm/index.php/Index/zhu | SQL: SHOW COLUMNS FROM `crm_leave` [ RunTime:0.025001s ]
[ 2015-01-30T14:39:16+08:00 ] /crm/index.php/Index/zhu | SQL: SELECT `id` FROM `crm_leave` WHERE ( `uid` = 70 ) AND ( `status` >= '1' ) AND ( `is_warn` = 1 )  [ RunTime:0.001000s ]
[ 2015-01-30T14:39:16+08:00 ] /crm/index.php/Index/zhu | SQL: SHOW COLUMNS FROM `crm_title_reader` [ RunTime:0.009001s ]
[ 2015-01-30T14:39:16+08:00 ] /crm/index.php/Index/zhu | SQL: SELECT `notice_id` FROM `crm_title_reader` WHERE reader=70  [ RunTime:0.001000s ]
[ 2015-01-30T14:39:16+08:00 ] /crm/index.php/Index/zhu | SQL: SHOW COLUMNS FROM `crm_title` [ RunTime:0.008000s ]
[ 2015-01-30T14:39:16+08:00 ] /crm/index.php/Index/zhu | SQL: SELECT * FROM `crm_title` WHERE ( `id` NOT IN (0) )  [ RunTime:0.007001s ]
[ 2015-01-30T14:39:16+08:00 ] /crm/index.php/Index/zhu | INFO: Tag[ view_template ] --START--
[ 2015-01-30T14:39:16+08:00 ] /crm/index.php/Index/zhu | INFO: Run LocationTemplate Behavior [ RunTime:0.002000s ]
[ 2015-01-30T14:39:16+08:00 ] /crm/index.php/Index/zhu | INFO: Tag[ view_template ] --END-- [ RunTime:0.002000s ]
[ 2015-01-30T14:39:16+08:00 ] /crm/index.php/Index/zhu | INFO: Tag[ view_parse ] --START--
[ 2015-01-30T14:39:16+08:00 ] /crm/index.php/Index/zhu | NOTIC: [8] Undefined variable: title 2e9d41d2e1c2dc54a203450b65c6b5d9.php 第 9 行.
[ 2015-01-30T14:39:16+08:00 ] /crm/index.php/Index/zhu | INFO: Run ParseTemplate Behavior [ RunTime:0.056003s ]
[ 2015-01-30T14:39:16+08:00 ] /crm/index.php/Index/zhu | INFO: Tag[ view_parse ] --END-- [ RunTime:0.056003s ]
[ 2015-01-30T14:39:16+08:00 ] /crm/index.php/Index/zhu | INFO: Tag[ view_filter ] --START--
[ 2015-01-30T14:39:16+08:00 ] /crm/index.php/Index/zhu | INFO: Run ContentReplace Behavior [ RunTime:0.001000s ]
[ 2015-01-30T14:39:16+08:00 ] /crm/index.php/Index/zhu | INFO: Run TokenBuild Behavior [ RunTime:0.001000s ]
[ 2015-01-30T14:39:16+08:00 ] /crm/index.php/Index/zhu | INFO: Run WriteHtmlCache Behavior [ RunTime:0.001000s ]
[ 2015-01-30T14:39:16+08:00 ] /crm/index.php/Index/zhu | INFO: Run ShowRuntime Behavior [ RunTime:0.001000s ]
[ 2015-01-30T14:39:16+08:00 ] /crm/index.php/Index/zhu | INFO: Tag[ view_filter ] --END-- [ RunTime:0.004000s ]
[ 2015-01-30T14:39:16+08:00 ] /crm/index.php/Index/zhu | INFO: Tag[ view_template ] --START--
[ 2015-01-30T14:39:16+08:00 ] /crm/index.php/Index/zhu | INFO: Run LocationTemplate Behavior [ RunTime:0.000000s ]
[ 2015-01-30T14:39:16+08:00 ] /crm/index.php/Index/zhu | INFO: Tag[ view_template ] --END-- [ RunTime:-0.062004s ]
[ 2015-01-30T14:39:16+08:00 ] /crm/index.php/Index/zhu | INFO: Tag[ view_parse ] --START--
[ 2015-01-30T14:39:16+08:00 ] /crm/index.php/Index/zhu | NOTIC: [8] Undefined variable: title 2e9d41d2e1c2dc54a203450b65c6b5d9.php 第 9 行.
[ 2015-01-30T14:39:16+08:00 ] /crm/index.php/Index/zhu | INFO: Run ParseTemplate Behavior [ RunTime:0.013000s ]
[ 2015-01-30T14:39:16+08:00 ] /crm/index.php/Index/zhu | INFO: Tag[ view_parse ] --END-- [ RunTime:-0.006001s ]
[ 2015-01-30T14:39:16+08:00 ] /crm/index.php/Index/zhu | INFO: Tag[ view_filter ] --START--
[ 2015-01-30T14:39:16+08:00 ] /crm/index.php/Index/zhu | INFO: Run ContentReplace Behavior [ RunTime:0.000000s ]
[ 2015-01-30T14:39:16+08:00 ] /crm/index.php/Index/zhu | INFO: Run TokenBuild Behavior [ RunTime:0.001000s ]
[ 2015-01-30T14:39:16+08:00 ] /crm/index.php/Index/zhu | INFO: Run WriteHtmlCache Behavior [ RunTime:0.000000s ]
[ 2015-01-30T14:39:16+08:00 ] /crm/index.php/Index/zhu | INFO: Run ShowRuntime Behavior [ RunTime:0.000000s ]
[ 2015-01-30T14:39:16+08:00 ] /crm/index.php/Index/zhu | INFO: Tag[ view_filter ] --END-- [ RunTime:-0.014001s ]
[ 2015-01-30T14:39:16+08:00 ] /crm/index.php/Index/zhu | INFO: Tag[ view_end ] --START--
[ 2015-01-30T14:39:16+08:00 ] /crm/index.php/Index/zhu | INFO: Run ShowPageTrace Behavior [ RunTime:0.002001s ]
[ 2015-01-30T14:39:16+08:00 ] /crm/index.php/Index/zhu | INFO: Tag[ view_end ] --END-- [ RunTime:0.003001s ]
[ 2015-01-30T14:39:15+08:00 ] /crm/index.php/Index/left | INFO: Tag[ route_check ] --START--
[ 2015-01-30T14:39:15+08:00 ] /crm/index.php/Index/left | INFO: Run CheckRoute Behavior [ RunTime:0.001000s ]
[ 2015-01-30T14:39:15+08:00 ] /crm/index.php/Index/left | INFO: Tag[ route_check ] --END-- [ RunTime:0.001000s ]
[ 2015-01-30T14:39:15+08:00 ] /crm/index.php/Index/left | INFO: Tag[ app_begin ] --START--
[ 2015-01-30T14:39:15+08:00 ] /crm/index.php/Index/left | INFO: Run ReadHtmlCache Behavior [ RunTime:0.001000s ]
[ 2015-01-30T14:39:15+08:00 ] /crm/index.php/Index/left | INFO: Tag[ app_begin ] --END-- [ RunTime:0.001000s ]
[ 2015-01-30T14:39:16+08:00 ] /crm/index.php/Index/left | INFO: Tag[ view_template ] --START--
[ 2015-01-30T14:39:16+08:00 ] /crm/index.php/Index/left | INFO: Run LocationTemplate Behavior [ RunTime:0.067004s ]
[ 2015-01-30T14:39:16+08:00 ] /crm/index.php/Index/left | INFO: Tag[ view_template ] --END-- [ RunTime:0.067004s ]
[ 2015-01-30T14:39:16+08:00 ] /crm/index.php/Index/left | INFO: Tag[ view_parse ] --START--
[ 2015-01-30T14:39:16+08:00 ] /crm/index.php/Index/left | NOTIC: [8] Undefined variable: title 84cf5c8a0f88e4e2fa8f4dc83e02d85c.php 第 9 行.
[ 2015-01-30T14:39:16+08:00 ] /crm/index.php/Index/left | INFO: Run ParseTemplate Behavior [ RunTime:0.054003s ]
[ 2015-01-30T14:39:16+08:00 ] /crm/index.php/Index/left | INFO: Tag[ view_parse ] --END-- [ RunTime:0.055003s ]
[ 2015-01-30T14:39:16+08:00 ] /crm/index.php/Index/left | INFO: Tag[ view_filter ] --START--
[ 2015-01-30T14:39:16+08:00 ] /crm/index.php/Index/left | INFO: Run ContentReplace Behavior [ RunTime:0.003000s ]
[ 2015-01-30T14:39:16+08:00 ] /crm/index.php/Index/left | INFO: Run TokenBuild Behavior [ RunTime:0.001000s ]
[ 2015-01-30T14:39:16+08:00 ] /crm/index.php/Index/left | INFO: Run WriteHtmlCache Behavior [ RunTime:0.001000s ]
[ 2015-01-30T14:39:16+08:00 ] /crm/index.php/Index/left | INFO: Run ShowRuntime Behavior [ RunTime:0.002000s ]
[ 2015-01-30T14:39:16+08:00 ] /crm/index.php/Index/left | INFO: Tag[ view_filter ] --END-- [ RunTime:0.007000s ]
[ 2015-01-30T14:39:16+08:00 ] /crm/index.php/Index/left | INFO: Tag[ view_end ] --START--
[ 2015-01-30T14:39:16+08:00 ] /crm/index.php/Index/left | INFO: Run ShowPageTrace Behavior [ RunTime:0.001000s ]
[ 2015-01-30T14:39:16+08:00 ] /crm/index.php/Index/left | INFO: Tag[ view_end ] --END-- [ RunTime:0.001000s ]
[ 2015-01-30T14:39:19+08:00 ] /crm/index.php/Kehu/index | INFO: Tag[ route_check ] --START--
[ 2015-01-30T14:39:19+08:00 ] /crm/index.php/Kehu/index | INFO: Run CheckRoute Behavior [ RunTime:0.002001s ]
[ 2015-01-30T14:39:19+08:00 ] /crm/index.php/Kehu/index | INFO: Tag[ route_check ] --END-- [ RunTime:0.002001s ]
[ 2015-01-30T14:39:19+08:00 ] /crm/index.php/Kehu/index | INFO: Tag[ app_begin ] --START--
[ 2015-01-30T14:39:19+08:00 ] /crm/index.php/Kehu/index | INFO: Run ReadHtmlCache Behavior [ RunTime:0.001000s ]
[ 2015-01-30T14:39:19+08:00 ] /crm/index.php/Kehu/index | INFO: Tag[ app_begin ] --END-- [ RunTime:0.002000s ]
[ 2015-01-30T14:39:19+08:00 ] /crm/index.php/Kehu/index | NOTIC: [2] The magic method __get() must have public visibility and cannot be static Page.php 第 87 行.
[ 2015-01-30T14:39:19+08:00 ] /crm/index.php/Kehu/index | NOTIC: [8] Undefined variable: params KehuAction.class.php 第 13 行.
[ 2015-01-30T14:39:19+08:00 ] /crm/index.php/Kehu/index | SQL: SHOW COLUMNS FROM `crm_user` [ RunTime:0.018001s ]
[ 2015-01-30T14:39:19+08:00 ] /crm/index.php/Kehu/index | SQL: SELECT `uid`,`uname`,`rank`,`department` FROM `crm_user` WHERE department in ("2","8","9")  [ RunTime:0.001001s ]
[ 2015-01-30T14:39:19+08:00 ] /crm/index.php/Kehu/index | SQL: SHOW COLUMNS FROM `crm_protype` [ RunTime:0.005000s ]
[ 2015-01-30T14:39:19+08:00 ] /crm/index.php/Kehu/index | SQL: SELECT `tid`,`parentId`,`labelname`,`path`,concat(path,"-",tid) as bpath FROM `crm_protype` ORDER BY bpath asc  [ RunTime:0.032002s ]
[ 2015-01-30T14:39:19+08:00 ] /crm/index.php/Kehu/index | NOTIC: [8] Undefined index: fg common.php 第 221 行.
[ 2015-01-30T14:39:19+08:00 ] /crm/index.php/Kehu/index | NOTIC: [8] Undefined index: fg common.php 第 221 行.
[ 2015-01-30T14:39:19+08:00 ] /crm/index.php/Kehu/index | NOTIC: [8] Undefined index: fg common.php 第 221 行.
[ 2015-01-30T14:39:19+08:00 ] /crm/index.php/Kehu/index | NOTIC: [8] Undefined index: fg common.php 第 221 行.
[ 2015-01-30T14:39:19+08:00 ] /crm/index.php/Kehu/index | NOTIC: [8] Undefined index: fg common.php 第 221 行.
[ 2015-01-30T14:39:19+08:00 ] /crm/index.php/Kehu/index | NOTIC: [8] Undefined index: fg common.php 第 221 行.
[ 2015-01-30T14:39:19+08:00 ] /crm/index.php/Kehu/index | NOTIC: [8] Undefined index: fg common.php 第 221 行.
[ 2015-01-30T14:39:19+08:00 ] /crm/index.php/Kehu/index | NOTIC: [8] Undefined index: fg common.php 第 221 行.
[ 2015-01-30T14:39:19+08:00 ] /crm/index.php/Kehu/index | NOTIC: [8] Undefined index: fg common.php 第 221 行.
[ 2015-01-30T14:39:19+08:00 ] /crm/index.php/Kehu/index | NOTIC: [8] Undefined index: fg common.php 第 221 行.
[ 2015-01-30T14:39:19+08:00 ] /crm/index.php/Kehu/index | NOTIC: [8] Undefined index: fg common.php 第 221 行.
[ 2015-01-30T14:39:19+08:00 ] /crm/index.php/Kehu/index | NOTIC: [8] Undefined index: fg common.php 第 221 行.
[ 2015-01-30T14:39:19+08:00 ] /crm/index.php/Kehu/index | NOTIC: [8] Undefined index: fg common.php 第 221 行.
[ 2015-01-30T14:39:19+08:00 ] /crm/index.php/Kehu/index | NOTIC: [8] Undefined index: fg common.php 第 221 行.
[ 2015-01-30T14:39:19+08:00 ] /crm/index.php/Kehu/index | NOTIC: [8] Undefined index: fg common.php 第 221 行.
[ 2015-01-30T14:39:19+08:00 ] /crm/index.php/Kehu/index | NOTIC: [8] Undefined index: fg common.php 第 221 行.
[ 2015-01-30T14:39:19+08:00 ] /crm/index.php/Kehu/index | NOTIC: [8] Undefined index: fg common.php 第 221 行.
[ 2015-01-30T14:39:19+08:00 ] /crm/index.php/Kehu/index | NOTIC: [8] Undefined index: fg common.php 第 221 行.
[ 2015-01-30T14:39:19+08:00 ] /crm/index.php/Kehu/index | NOTIC: [8] Undefined index: fg common.php 第 221 行.
[ 2015-01-30T14:39:19+08:00 ] /crm/index.php/Kehu/index | NOTIC: [8] Undefined index: fg common.php 第 221 行.
[ 2015-01-30T14:39:19+08:00 ] /crm/index.php/Kehu/index | NOTIC: [8] Undefined index: fg common.php 第 221 行.
[ 2015-01-30T14:39:19+08:00 ] /crm/index.php/Kehu/index | NOTIC: [8] Undefined index: fg common.php 第 221 行.
[ 2015-01-30T14:39:19+08:00 ] /crm/index.php/Kehu/index | NOTIC: [8] Undefined index: fg common.php 第 221 行.
[ 2015-01-30T14:39:19+08:00 ] /crm/index.php/Kehu/index | NOTIC: [8] Undefined index: fg common.php 第 221 行.
[ 2015-01-30T14:39:19+08:00 ] /crm/index.php/Kehu/index | NOTIC: [8] Undefined index: fg common.php 第 221 行.
[ 2015-01-30T14:39:19+08:00 ] /crm/index.php/Kehu/index | NOTIC: [8] Undefined index: fg common.php 第 221 行.
[ 2015-01-30T14:39:19+08:00 ] /crm/index.php/Kehu/index | NOTIC: [8] Undefined index: fg common.php 第 221 行.
[ 2015-01-30T14:39:19+08:00 ] /crm/index.php/Kehu/index | NOTIC: [8] Undefined index: fg common.php 第 221 行.
[ 2015-01-30T14:39:19+08:00 ] /crm/index.php/Kehu/index | NOTIC: [8] Undefined index: fg common.php 第 221 行.
[ 2015-01-30T14:39:19+08:00 ] /crm/index.php/Kehu/index | NOTIC: [8] Undefined index: fg common.php 第 221 行.
[ 2015-01-30T14:39:19+08:00 ] /crm/index.php/Kehu/index | NOTIC: [8] Undefined index: fg common.php 第 221 行.
[ 2015-01-30T14:39:19+08:00 ] /crm/index.php/Kehu/index | NOTIC: [8] Undefined index: fg common.php 第 221 行.
[ 2015-01-30T14:39:19+08:00 ] /crm/index.php/Kehu/index | NOTIC: [8] Undefined index: fg common.php 第 221 行.
[ 2015-01-30T14:39:19+08:00 ] /crm/index.php/Kehu/index | NOTIC: [8] Undefined index: fg common.php 第 221 行.
[ 2015-01-30T14:39:19+08:00 ] /crm/index.php/Kehu/index | NOTIC: [8] Undefined index: fg common.php 第 221 行.
[ 2015-01-30T14:39:19+08:00 ] /crm/index.php/Kehu/index | NOTIC: [8] Undefined index: fg common.php 第 221 行.
[ 2015-01-30T14:39:19+08:00 ] /crm/index.php/Kehu/index | NOTIC: [8] Undefined index: fg common.php 第 221 行.
[ 2015-01-30T14:39:19+08:00 ] /crm/index.php/Kehu/index | NOTIC: [8] Undefined index: fg common.php 第 221 行.
[ 2015-01-30T14:39:19+08:00 ] /crm/index.php/Kehu/index | NOTIC: [8] Undefined index: fg common.php 第 221 行.
[ 2015-01-30T14:39:19+08:00 ] /crm/index.php/Kehu/index | NOTIC: [8] Undefined index: fg common.php 第 221 行.
[ 2015-01-30T14:39:19+08:00 ] /crm/index.php/Kehu/index | NOTIC: [8] Undefined index: fg common.php 第 221 行.
[ 2015-01-30T14:39:19+08:00 ] /crm/index.php/Kehu/index | NOTIC: [8] Undefined index: fg common.php 第 221 行.
[ 2015-01-30T14:39:19+08:00 ] /crm/index.php/Kehu/index | NOTIC: [8] Undefined index: fg common.php 第 221 行.
[ 2015-01-30T14:39:19+08:00 ] /crm/index.php/Kehu/index | NOTIC: [8] Undefined index: fg common.php 第 221 行.
[ 2015-01-30T14:39:19+08:00 ] /crm/index.php/Kehu/index | NOTIC: [8] Undefined index: fg common.php 第 221 行.
[ 2015-01-30T14:39:19+08:00 ] /crm/index.php/Kehu/index | NOTIC: [8] Undefined index: fg common.php 第 221 行.
[ 2015-01-30T14:39:19+08:00 ] /crm/index.php/Kehu/index | NOTIC: [8] Undefined index: fg common.php 第 221 行.
[ 2015-01-30T14:39:19+08:00 ] /crm/index.php/Kehu/index | NOTIC: [8] Undefined index: fg common.php 第 221 行.
[ 2015-01-30T14:39:19+08:00 ] /crm/index.php/Kehu/index | NOTIC: [8] Undefined index: fg common.php 第 221 行.
[ 2015-01-30T14:39:19+08:00 ] /crm/index.php/Kehu/index | NOTIC: [8] Undefined index: fg common.php 第 221 行.
[ 2015-01-30T14:39:19+08:00 ] /crm/index.php/Kehu/index | NOTIC: [8] Undefined index: fg common.php 第 221 行.
[ 2015-01-30T14:39:19+08:00 ] /crm/index.php/Kehu/index | NOTIC: [8] Undefined index: fg common.php 第 221 行.
[ 2015-01-30T14:39:19+08:00 ] /crm/index.php/Kehu/index | NOTIC: [8] Undefined index: fg common.php 第 221 行.
[ 2015-01-30T14:39:19+08:00 ] /crm/index.php/Kehu/index | NOTIC: [8] Undefined index: fg common.php 第 221 行.
[ 2015-01-30T14:39:19+08:00 ] /crm/index.php/Kehu/index | NOTIC: [8] Undefined index: fg common.php 第 221 行.
[ 2015-01-30T14:39:19+08:00 ] /crm/index.php/Kehu/index | NOTIC: [8] Undefined index: fg common.php 第 221 行.
[ 2015-01-30T14:39:19+08:00 ] /crm/index.php/Kehu/index | NOTIC: [8] Undefined index: fg common.php 第 221 行.
[ 2015-01-30T14:39:19+08:00 ] /crm/index.php/Kehu/index | NOTIC: [8] Undefined index: fg common.php 第 221 行.
[ 2015-01-30T14:39:19+08:00 ] /crm/index.php/Kehu/index | NOTIC: [8] Undefined index: fg common.php 第 221 行.
[ 2015-01-30T14:39:19+08:00 ] /crm/index.php/Kehu/index | NOTIC: [8] Undefined index: fg common.php 第 221 行.
[ 2015-01-30T14:39:19+08:00 ] /crm/index.php/Kehu/index | NOTIC: [8] Undefined index: fg common.php 第 221 行.
[ 2015-01-30T14:39:19+08:00 ] /crm/index.php/Kehu/index | NOTIC: [8] Undefined index: fg common.php 第 221 行.
[ 2015-01-30T14:39:19+08:00 ] /crm/index.php/Kehu/index | NOTIC: [8] Undefined index: fg common.php 第 221 行.
[ 2015-01-30T14:39:19+08:00 ] /crm/index.php/Kehu/index | NOTIC: [8] Undefined index: fg common.php 第 221 行.
[ 2015-01-30T14:39:19+08:00 ] /crm/index.php/Kehu/index | NOTIC: [8] Undefined index: fg common.php 第 221 行.
[ 2015-01-30T14:39:19+08:00 ] /crm/index.php/Kehu/index | NOTIC: [8] Undefined index: fg common.php 第 221 行.
[ 2015-01-30T14:39:19+08:00 ] /crm/index.php/Kehu/index | NOTIC: [8] Undefined index: fg common.php 第 221 行.
[ 2015-01-30T14:39:19+08:00 ] /crm/index.php/Kehu/index | NOTIC: [8] Undefined index: fg common.php 第 221 行.
[ 2015-01-30T14:39:19+08:00 ] /crm/index.php/Kehu/index | NOTIC: [8] Undefined index: fg common.php 第 221 行.
[ 2015-01-30T14:39:19+08:00 ] /crm/index.php/Kehu/index | NOTIC: [8] Undefined index: fg common.php 第 221 行.
[ 2015-01-30T14:39:19+08:00 ] /crm/index.php/Kehu/index | NOTIC: [8] Undefined index: fg common.php 第 221 行.
[ 2015-01-30T14:39:19+08:00 ] /crm/index.php/Kehu/index | NOTIC: [8] Undefined index: fg common.php 第 221 行.
[ 2015-01-30T14:39:19+08:00 ] /crm/index.php/Kehu/index | NOTIC: [8] Undefined index: fg common.php 第 221 行.
[ 2015-01-30T14:39:19+08:00 ] /crm/index.php/Kehu/index | NOTIC: [8] Undefined index: fg common.php 第 221 行.
[ 2015-01-30T14:39:19+08:00 ] /crm/index.php/Kehu/index | NOTIC: [8] Undefined index: fg common.php 第 221 行.
[ 2015-01-30T14:39:19+08:00 ] /crm/index.php/Kehu/index | NOTIC: [8] Undefined index: fg common.php 第 221 行.
[ 2015-01-30T14:39:19+08:00 ] /crm/index.php/Kehu/index | NOTIC: [8] Undefined index: fg common.php 第 221 行.
[ 2015-01-30T14:39:19+08:00 ] /crm/index.php/Kehu/index | INFO: Tag[ view_template ] --START--
[ 2015-01-30T14:39:19+08:00 ] /crm/index.php/Kehu/index | INFO: Run LocationTemplate Behavior [ RunTime:0.002000s ]
[ 2015-01-30T14:39:19+08:00 ] /crm/index.php/Kehu/index | INFO: Tag[ view_template ] --END-- [ RunTime:0.002000s ]
[ 2015-01-30T14:39:19+08:00 ] /crm/index.php/Kehu/index | INFO: Tag[ view_parse ] --START--
[ 2015-01-30T14:39:19+08:00 ] /crm/index.php/Kehu/index | NOTIC: [8] Undefined variable: title 0955c44da2e862e9115bb8ca32aeffc8.php 第 9 行.
[ 2015-01-30T14:39:19+08:00 ] /crm/index.php/Kehu/index | NOTIC: [8] Undefined index: fg 0955c44da2e862e9115bb8ca32aeffc8.php 第 38 行.
[ 2015-01-30T14:39:19+08:00 ] /crm/index.php/Kehu/index | NOTIC: [8] Undefined index: fg 0955c44da2e862e9115bb8ca32aeffc8.php 第 38 行.
[ 2015-01-30T14:39:19+08:00 ] /crm/index.php/Kehu/index | NOTIC: [8] Undefined index: fg 0955c44da2e862e9115bb8ca32aeffc8.php 第 38 行.
[ 2015-01-30T14:39:19+08:00 ] /crm/index.php/Kehu/index | NOTIC: [8] Undefined index: fg 0955c44da2e862e9115bb8ca32aeffc8.php 第 38 行.
[ 2015-01-30T14:39:19+08:00 ] /crm/index.php/Kehu/index | NOTIC: [8] Undefined index: fg 0955c44da2e862e9115bb8ca32aeffc8.php 第 38 行.
[ 2015-01-30T14:39:19+08:00 ] /crm/index.php/Kehu/index | NOTIC: [8] Undefined index: fg 0955c44da2e862e9115bb8ca32aeffc8.php 第 38 行.
[ 2015-01-30T14:39:19+08:00 ] /crm/index.php/Kehu/index | NOTIC: [8] Undefined index: fg 0955c44da2e862e9115bb8ca32aeffc8.php 第 38 行.
[ 2015-01-30T14:39:19+08:00 ] /crm/index.php/Kehu/index | NOTIC: [8] Undefined variable:  0955c44da2e862e9115bb8ca32aeffc8.php 第 45 行.
[ 2015-01-30T14:39:19+08:00 ] /crm/index.php/Kehu/index | NOTIC: [8] Undefined variable:  0955c44da2e862e9115bb8ca32aeffc8.php 第 48 行.
[ 2015-01-30T14:39:19+08:00 ] /crm/index.php/Kehu/index | NOTIC: [8] Undefined variable: Think 0955c44da2e862e9115bb8ca32aeffc8.php 第 77 行.
[ 2015-01-30T14:39:19+08:00 ] /crm/index.php/Kehu/index | NOTIC: [8] Undefined variable: Think 0955c44da2e862e9115bb8ca32aeffc8.php 第 77 行.
[ 2015-01-30T14:39:19+08:00 ] /crm/index.php/Kehu/index | NOTIC: [8] Undefined variable: Think 0955c44da2e862e9115bb8ca32aeffc8.php 第 77 行.
[ 2015-01-30T14:39:19+08:00 ] /crm/index.php/Kehu/index | NOTIC: [8] Undefined variable: Think 0955c44da2e862e9115bb8ca32aeffc8.php 第 77 行.
[ 2015-01-30T14:39:19+08:00 ] /crm/index.php/Kehu/index | NOTIC: [8] Undefined variable: Think 0955c44da2e862e9115bb8ca32aeffc8.php 第 77 行.
[ 2015-01-30T14:39:19+08:00 ] /crm/index.php/Kehu/index | NOTIC: [8] Undefined variable: Think 0955c44da2e862e9115bb8ca32aeffc8.php 第 77 行.
[ 2015-01-30T14:39:19+08:00 ] /crm/index.php/Kehu/index | NOTIC: [8] Undefined variable: Think 0955c44da2e862e9115bb8ca32aeffc8.php 第 77 行.
[ 2015-01-30T14:39:19+08:00 ] /crm/index.php/Kehu/index | NOTIC: [8] Undefined variable: Think 0955c44da2e862e9115bb8ca32aeffc8.php 第 77 行.
[ 2015-01-30T14:39:19+08:00 ] /crm/index.php/Kehu/index | NOTIC: [8] Undefined variable: Think 0955c44da2e862e9115bb8ca32aeffc8.php 第 77 行.
[ 2015-01-30T14:39:19+08:00 ] /crm/index.php/Kehu/index | NOTIC: [8] Undefined variable: Think 0955c44da2e862e9115bb8ca32aeffc8.php 第 77 行.
[ 2015-01-30T14:39:19+08:00 ] /crm/index.php/Kehu/index | NOTIC: [8] Undefined variable: Think 0955c44da2e862e9115bb8ca32aeffc8.php 第 77 行.
[ 2015-01-30T14:39:19+08:00 ] /crm/index.php/Kehu/index | NOTIC: [8] Undefined variable: Think 0955c44da2e862e9115bb8ca32aeffc8.php 第 77 行.
[ 2015-01-30T14:39:19+08:00 ] /crm/index.php/Kehu/index | NOTIC: [8] Undefined variable: Think 0955c44da2e862e9115bb8ca32aeffc8.php 第 77 行.
[ 2015-01-30T14:39:19+08:00 ] /crm/index.php/Kehu/index | NOTIC: [8] Undefined variable: Think 0955c44da2e862e9115bb8ca32aeffc8.php 第 77 行.
[ 2015-01-30T14:39:19+08:00 ] /crm/index.php/Kehu/index | NOTIC: [8] Undefined variable: Think 0955c44da2e862e9115bb8ca32aeffc8.php 第 77 行.
[ 2015-01-30T14:39:19+08:00 ] /crm/index.php/Kehu/index | NOTIC: [8] Undefined variable: Think 0955c44da2e862e9115bb8ca32aeffc8.php 第 77 行.
[ 2015-01-30T14:39:19+08:00 ] /crm/index.php/Kehu/index | NOTIC: [8] Undefined variable: Think 0955c44da2e862e9115bb8ca32aeffc8.php 第 77 行.
[ 2015-01-30T14:39:19+08:00 ] /crm/index.php/Kehu/index | NOTIC: [8] Undefined variable: Think 0955c44da2e862e9115bb8ca32aeffc8.php 第 112 行.
[ 2015-01-30T14:39:19+08:00 ] /crm/index.php/Kehu/index | NOTIC: [8] Undefined variable: Think 0955c44da2e862e9115bb8ca32aeffc8.php 第 112 行.
[ 2015-01-30T14:39:19+08:00 ] /crm/index.php/Kehu/index | NOTIC: [8] Undefined variable: Think 0955c44da2e862e9115bb8ca32aeffc8.php 第 112 行.
[ 2015-01-30T14:39:19+08:00 ] /crm/index.php/Kehu/index | NOTIC: [8] Undefined variable: Think 0955c44da2e862e9115bb8ca32aeffc8.php 第 112 行.
[ 2015-01-30T14:39:19+08:00 ] /crm/index.php/Kehu/index | NOTIC: [8] Undefined variable: Think 0955c44da2e862e9115bb8ca32aeffc8.php 第 112 行.
[ 2015-01-30T14:39:19+08:00 ] /crm/index.php/Kehu/index | NOTIC: [8] Undefined variable: Think 0955c44da2e862e9115bb8ca32aeffc8.php 第 112 行.
[ 2015-01-30T14:39:19+08:00 ] /crm/index.php/Kehu/index | NOTIC: [8] Undefined variable: Think 0955c44da2e862e9115bb8ca32aeffc8.php 第 112 行.
[ 2015-01-30T14:39:19+08:00 ] /crm/index.php/Kehu/index | NOTIC: [8] Undefined variable: Think 0955c44da2e862e9115bb8ca32aeffc8.php 第 112 行.
[ 2015-01-30T14:39:19+08:00 ] /crm/index.php/Kehu/index | NOTIC: [8] Undefined variable: Think 0955c44da2e862e9115bb8ca32aeffc8.php 第 112 行.
[ 2015-01-30T14:39:19+08:00 ] /crm/index.php/Kehu/index | NOTIC: [8] Undefined variable: Think 0955c44da2e862e9115bb8ca32aeffc8.php 第 112 行.
[ 2015-01-30T14:39:19+08:00 ] /crm/index.php/Kehu/index | NOTIC: [8] Undefined variable: Think 0955c44da2e862e9115bb8ca32aeffc8.php 第 112 行.
[ 2015-01-30T14:39:19+08:00 ] /crm/index.php/Kehu/index | NOTIC: [8] Undefined variable: Think 0955c44da2e862e9115bb8ca32aeffc8.php 第 112 行.
[ 2015-01-30T14:39:19+08:00 ] /crm/index.php/Kehu/index | NOTIC: [8] Undefined variable: Think 0955c44da2e862e9115bb8ca32aeffc8.php 第 112 行.
[ 2015-01-30T14:39:19+08:00 ] /crm/index.php/Kehu/index | NOTIC: [8] Undefined variable: Think 0955c44da2e862e9115bb8ca32aeffc8.php 第 112 行.
[ 2015-01-30T14:39:19+08:00 ] /crm/index.php/Kehu/index | NOTIC: [8] Undefined variable: Think 0955c44da2e862e9115bb8ca32aeffc8.php 第 112 行.
[ 2015-01-30T14:39:19+08:00 ] /crm/index.php/Kehu/index | NOTIC: [8] Undefined variable: Think 0955c44da2e862e9115bb8ca32aeffc8.php 第 112 行.
[ 2015-01-30T14:39:19+08:00 ] /crm/index.php/Kehu/index | NOTIC: [8] Undefined variable: Think 0955c44da2e862e9115bb8ca32aeffc8.php 第 112 行.
[ 2015-01-30T14:39:19+08:00 ] /crm/index.php/Kehu/index | INFO: Run ParseTemplate Behavior [ RunTime:0.081004s ]
[ 2015-01-30T14:39:19+08:00 ] /crm/index.php/Kehu/index | INFO: Tag[ view_parse ] --END-- [ RunTime:0.081004s ]
[ 2015-01-30T14:39:19+08:00 ] /crm/index.php/Kehu/index | INFO: Tag[ view_filter ] --START--
[ 2015-01-30T14:39:19+08:00 ] /crm/index.php/Kehu/index | INFO: Run ContentReplace Behavior [ RunTime:0.002001s ]
[ 2015-01-30T14:39:19+08:00 ] /crm/index.php/Kehu/index | INFO: Run TokenBuild Behavior [ RunTime:0.001000s ]
[ 2015-01-30T14:39:19+08:00 ] /crm/index.php/Kehu/index | INFO: Run WriteHtmlCache Behavior [ RunTime:0.001000s ]
[ 2015-01-30T14:39:19+08:00 ] /crm/index.php/Kehu/index | INFO: Run ShowRuntime Behavior [ RunTime:0.001000s ]
[ 2015-01-30T14:39:19+08:00 ] /crm/index.php/Kehu/index | INFO: Tag[ view_filter ] --END-- [ RunTime:0.005001s ]
[ 2015-01-30T14:39:19+08:00 ] /crm/index.php/Kehu/index | INFO: Tag[ view_end ] --START--
[ 2015-01-30T14:39:19+08:00 ] /crm/index.php/Kehu/index | INFO: Run ShowPageTrace Behavior [ RunTime:0.001000s ]
[ 2015-01-30T14:39:19+08:00 ] /crm/index.php/Kehu/index | INFO: Tag[ view_end ] --END-- [ RunTime:0.002000s ]
[ 2015-01-30T14:39:24+08:00 ] /crm/index.php/Kehu/index | INFO: Tag[ route_check ] --START--
[ 2015-01-30T14:39:24+08:00 ] /crm/index.php/Kehu/index | INFO: Run CheckRoute Behavior [ RunTime:0.001000s ]
[ 2015-01-30T14:39:24+08:00 ] /crm/index.php/Kehu/index | INFO: Tag[ route_check ] --END-- [ RunTime:0.001000s ]
[ 2015-01-30T14:39:24+08:00 ] /crm/index.php/Kehu/index | INFO: Tag[ app_begin ] --START--
[ 2015-01-30T14:39:24+08:00 ] /crm/index.php/Kehu/index | INFO: Run ReadHtmlCache Behavior [ RunTime:0.001000s ]
[ 2015-01-30T14:39:24+08:00 ] /crm/index.php/Kehu/index | INFO: Tag[ app_begin ] --END-- [ RunTime:0.001000s ]
[ 2015-01-30T14:39:24+08:00 ] /crm/index.php/Kehu/index | NOTIC: [2] The magic method __get() must have public visibility and cannot be static Page.php 第 87 行.
[ 2015-01-30T14:39:24+08:00 ] /crm/index.php/Kehu/index | NOTIC: [8] Undefined variable: params KehuAction.class.php 第 13 行.
[ 2015-01-30T14:39:24+08:00 ] /crm/index.php/Kehu/index | SQL: SHOW COLUMNS FROM `crm_user` [ RunTime:0.005000s ]
[ 2015-01-30T14:39:24+08:00 ] /crm/index.php/Kehu/index | SQL: SELECT `uid`,`uname`,`rank`,`department` FROM `crm_user` WHERE department in ("2","8","9")  [ RunTime:0.001000s ]
[ 2015-01-30T14:39:24+08:00 ] /crm/index.php/Kehu/index | SQL: SHOW COLUMNS FROM `crm_protype` [ RunTime:0.005001s ]
[ 2015-01-30T14:39:24+08:00 ] /crm/index.php/Kehu/index | SQL: SELECT `tid`,`parentId`,`labelname`,`path`,concat(path,"-",tid) as bpath FROM `crm_protype` ORDER BY bpath asc  [ RunTime:0.000000s ]
[ 2015-01-30T14:39:24+08:00 ] /crm/index.php/Kehu/index | NOTIC: [8] Undefined index: fg common.php 第 221 行.
[ 2015-01-30T14:39:24+08:00 ] /crm/index.php/Kehu/index | NOTIC: [8] Undefined index: fg common.php 第 221 行.
[ 2015-01-30T14:39:24+08:00 ] /crm/index.php/Kehu/index | NOTIC: [8] Undefined index: fg common.php 第 221 行.
[ 2015-01-30T14:39:24+08:00 ] /crm/index.php/Kehu/index | NOTIC: [8] Undefined index: fg common.php 第 221 行.
[ 2015-01-30T14:39:24+08:00 ] /crm/index.php/Kehu/index | NOTIC: [8] Undefined index: fg common.php 第 221 行.
[ 2015-01-30T14:39:24+08:00 ] /crm/index.php/Kehu/index | NOTIC: [8] Undefined index: fg common.php 第 221 行.
[ 2015-01-30T14:39:24+08:00 ] /crm/index.php/Kehu/index | NOTIC: [8] Undefined index: fg common.php 第 221 行.
[ 2015-01-30T14:39:24+08:00 ] /crm/index.php/Kehu/index | NOTIC: [8] Undefined index: fg common.php 第 221 行.
[ 2015-01-30T14:39:24+08:00 ] /crm/index.php/Kehu/index | NOTIC: [8] Undefined index: fg common.php 第 221 行.
[ 2015-01-30T14:39:24+08:00 ] /crm/index.php/Kehu/index | NOTIC: [8] Undefined index: fg common.php 第 221 行.
[ 2015-01-30T14:39:24+08:00 ] /crm/index.php/Kehu/index | NOTIC: [8] Undefined index: fg common.php 第 221 行.
[ 2015-01-30T14:39:24+08:00 ] /crm/index.php/Kehu/index | NOTIC: [8] Undefined index: fg common.php 第 221 行.
[ 2015-01-30T14:39:24+08:00 ] /crm/index.php/Kehu/index | NOTIC: [8] Undefined index: fg common.php 第 221 行.
[ 2015-01-30T14:39:24+08:00 ] /crm/index.php/Kehu/index | NOTIC: [8] Undefined index: fg common.php 第 221 行.
[ 2015-01-30T14:39:24+08:00 ] /crm/index.php/Kehu/index | NOTIC: [8] Undefined index: fg common.php 第 221 行.
[ 2015-01-30T14:39:24+08:00 ] /crm/index.php/Kehu/index | NOTIC: [8] Undefined index: fg common.php 第 221 行.
[ 2015-01-30T14:39:24+08:00 ] /crm/index.php/Kehu/index | NOTIC: [8] Undefined index: fg common.php 第 221 行.
[ 2015-01-30T14:39:24+08:00 ] /crm/index.php/Kehu/index | NOTIC: [8] Undefined index: fg common.php 第 221 行.
[ 2015-01-30T14:39:24+08:00 ] /crm/index.php/Kehu/index | NOTIC: [8] Undefined index: fg common.php 第 221 行.
[ 2015-01-30T14:39:24+08:00 ] /crm/index.php/Kehu/index | NOTIC: [8] Undefined index: fg common.php 第 221 行.
[ 2015-01-30T14:39:24+08:00 ] /crm/index.php/Kehu/index | NOTIC: [8] Undefined index: fg common.php 第 221 行.
[ 2015-01-30T14:39:24+08:00 ] /crm/index.php/Kehu/index | NOTIC: [8] Undefined index: fg common.php 第 221 行.
[ 2015-01-30T14:39:24+08:00 ] /crm/index.php/Kehu/index | NOTIC: [8] Undefined index: fg common.php 第 221 行.
[ 2015-01-30T14:39:24+08:00 ] /crm/index.php/Kehu/index | NOTIC: [8] Undefined index: fg common.php 第 221 行.
[ 2015-01-30T14:39:24+08:00 ] /crm/index.php/Kehu/index | NOTIC: [8] Undefined index: fg common.php 第 221 行.
[ 2015-01-30T14:39:24+08:00 ] /crm/index.php/Kehu/index | NOTIC: [8] Undefined index: fg common.php 第 221 行.
[ 2015-01-30T14:39:24+08:00 ] /crm/index.php/Kehu/index | NOTIC: [8] Undefined index: fg common.php 第 221 行.
[ 2015-01-30T14:39:24+08:00 ] /crm/index.php/Kehu/index | NOTIC: [8] Undefined index: fg common.php 第 221 行.
[ 2015-01-30T14:39:24+08:00 ] /crm/index.php/Kehu/index | NOTIC: [8] Undefined index: fg common.php 第 221 行.
[ 2015-01-30T14:39:24+08:00 ] /crm/index.php/Kehu/index | NOTIC: [8] Undefined index: fg common.php 第 221 行.
[ 2015-01-30T14:39:24+08:00 ] /crm/index.php/Kehu/index | NOTIC: [8] Undefined index: fg common.php 第 221 行.
[ 2015-01-30T14:39:24+08:00 ] /crm/index.php/Kehu/index | NOTIC: [8] Undefined index: fg common.php 第 221 行.
[ 2015-01-30T14:39:24+08:00 ] /crm/index.php/Kehu/index | NOTIC: [8] Undefined index: fg common.php 第 221 行.
[ 2015-01-30T14:39:24+08:00 ] /crm/index.php/Kehu/index | NOTIC: [8] Undefined index: fg common.php 第 221 行.
[ 2015-01-30T14:39:24+08:00 ] /crm/index.php/Kehu/index | NOTIC: [8] Undefined index: fg common.php 第 221 行.
[ 2015-01-30T14:39:24+08:00 ] /crm/index.php/Kehu/index | NOTIC: [8] Undefined index: fg common.php 第 221 行.
[ 2015-01-30T14:39:24+08:00 ] /crm/index.php/Kehu/index | NOTIC: [8] Undefined index: fg common.php 第 221 行.
[ 2015-01-30T14:39:24+08:00 ] /crm/index.php/Kehu/index | NOTIC: [8] Undefined index: fg common.php 第 221 行.
[ 2015-01-30T14:39:24+08:00 ] /crm/index.php/Kehu/index | NOTIC: [8] Undefined index: fg common.php 第 221 行.
[ 2015-01-30T14:39:24+08:00 ] /crm/index.php/Kehu/index | NOTIC: [8] Undefined index: fg common.php 第 221 行.
[ 2015-01-30T14:39:24+08:00 ] /crm/index.php/Kehu/index | NOTIC: [8] Undefined index: fg common.php 第 221 行.
[ 2015-01-30T14:39:24+08:00 ] /crm/index.php/Kehu/index | NOTIC: [8] Undefined index: fg common.php 第 221 行.
[ 2015-01-30T14:39:24+08:00 ] /crm/index.php/Kehu/index | NOTIC: [8] Undefined index: fg common.php 第 221 行.
[ 2015-01-30T14:39:24+08:00 ] /crm/index.php/Kehu/index | NOTIC: [8] Undefined index: fg common.php 第 221 行.
[ 2015-01-30T14:39:24+08:00 ] /crm/index.php/Kehu/index | NOTIC: [8] Undefined index: fg common.php 第 221 行.
[ 2015-01-30T14:39:24+08:00 ] /crm/index.php/Kehu/index | NOTIC: [8] Undefined index: fg common.php 第 221 行.
[ 2015-01-30T14:39:24+08:00 ] /crm/index.php/Kehu/index | NOTIC: [8] Undefined index: fg common.php 第 221 行.
[ 2015-01-30T14:39:24+08:00 ] /crm/index.php/Kehu/index | NOTIC: [8] Undefined index: fg common.php 第 221 行.
[ 2015-01-30T14:39:24+08:00 ] /crm/index.php/Kehu/index | NOTIC: [8] Undefined index: fg common.php 第 221 行.
[ 2015-01-30T14:39:24+08:00 ] /crm/index.php/Kehu/index | NOTIC: [8] Undefined index: fg common.php 第 221 行.
[ 2015-01-30T14:39:24+08:00 ] /crm/index.php/Kehu/index | NOTIC: [8] Undefined index: fg common.php 第 221 行.
[ 2015-01-30T14:39:24+08:00 ] /crm/index.php/Kehu/index | NOTIC: [8] Undefined index: fg common.php 第 221 行.
[ 2015-01-30T14:39:24+08:00 ] /crm/index.php/Kehu/index | NOTIC: [8] Undefined index: fg common.php 第 221 行.
[ 2015-01-30T14:39:24+08:00 ] /crm/index.php/Kehu/index | NOTIC: [8] Undefined index: fg common.php 第 221 行.
[ 2015-01-30T14:39:24+08:00 ] /crm/index.php/Kehu/index | NOTIC: [8] Undefined index: fg common.php 第 221 行.
[ 2015-01-30T14:39:24+08:00 ] /crm/index.php/Kehu/index | NOTIC: [8] Undefined index: fg common.php 第 221 行.
[ 2015-01-30T14:39:24+08:00 ] /crm/index.php/Kehu/index | NOTIC: [8] Undefined index: fg common.php 第 221 行.
[ 2015-01-30T14:39:24+08:00 ] /crm/index.php/Kehu/index | NOTIC: [8] Undefined index: fg common.php 第 221 行.
[ 2015-01-30T14:39:24+08:00 ] /crm/index.php/Kehu/index | NOTIC: [8] Undefined index: fg common.php 第 221 行.
[ 2015-01-30T14:39:24+08:00 ] /crm/index.php/Kehu/index | NOTIC: [8] Undefined index: fg common.php 第 221 行.
[ 2015-01-30T14:39:24+08:00 ] /crm/index.php/Kehu/index | NOTIC: [8] Undefined index: fg common.php 第 221 行.
[ 2015-01-30T14:39:24+08:00 ] /crm/index.php/Kehu/index | NOTIC: [8] Undefined index: fg common.php 第 221 行.
[ 2015-01-30T14:39:24+08:00 ] /crm/index.php/Kehu/index | NOTIC: [8] Undefined index: fg common.php 第 221 行.
[ 2015-01-30T14:39:24+08:00 ] /crm/index.php/Kehu/index | NOTIC: [8] Undefined index: fg common.php 第 221 行.
[ 2015-01-30T14:39:24+08:00 ] /crm/index.php/Kehu/index | NOTIC: [8] Undefined index: fg common.php 第 221 行.
[ 2015-01-30T14:39:24+08:00 ] /crm/index.php/Kehu/index | NOTIC: [8] Undefined index: fg common.php 第 221 行.
[ 2015-01-30T14:39:24+08:00 ] /crm/index.php/Kehu/index | NOTIC: [8] Undefined index: fg common.php 第 221 行.
[ 2015-01-30T14:39:24+08:00 ] /crm/index.php/Kehu/index | NOTIC: [8] Undefined index: fg common.php 第 221 行.
[ 2015-01-30T14:39:24+08:00 ] /crm/index.php/Kehu/index | NOTIC: [8] Undefined index: fg common.php 第 221 行.
[ 2015-01-30T14:39:24+08:00 ] /crm/index.php/Kehu/index | NOTIC: [8] Undefined index: fg common.php 第 221 行.
[ 2015-01-30T14:39:24+08:00 ] /crm/index.php/Kehu/index | NOTIC: [8] Undefined index: fg common.php 第 221 行.
[ 2015-01-30T14:39:24+08:00 ] /crm/index.php/Kehu/index | NOTIC: [8] Undefined index: fg common.php 第 221 行.
[ 2015-01-30T14:39:24+08:00 ] /crm/index.php/Kehu/index | NOTIC: [8] Undefined index: fg common.php 第 221 行.
[ 2015-01-30T14:39:24+08:00 ] /crm/index.php/Kehu/index | NOTIC: [8] Undefined index: fg common.php 第 221 行.
[ 2015-01-30T14:39:24+08:00 ] /crm/index.php/Kehu/index | NOTIC: [8] Undefined index: fg common.php 第 221 行.
[ 2015-01-30T14:39:24+08:00 ] /crm/index.php/Kehu/index | NOTIC: [8] Undefined index: fg common.php 第 221 行.
[ 2015-01-30T14:39:24+08:00 ] /crm/index.php/Kehu/index | NOTIC: [8] Undefined index: fg common.php 第 221 行.
[ 2015-01-30T14:39:24+08:00 ] /crm/index.php/Kehu/index | INFO: Tag[ view_template ] --START--
[ 2015-01-30T14:39:24+08:00 ] /crm/index.php/Kehu/index | INFO: Run LocationTemplate Behavior [ RunTime:0.001000s ]
[ 2015-01-30T14:39:24+08:00 ] /crm/index.php/Kehu/index | INFO: Tag[ view_template ] --END-- [ RunTime:0.002000s ]
[ 2015-01-30T14:39:24+08:00 ] /crm/index.php/Kehu/index | INFO: Tag[ view_parse ] --START--
[ 2015-01-30T14:39:24+08:00 ] /crm/index.php/Kehu/index | NOTIC: [8] Undefined variable: title 0955c44da2e862e9115bb8ca32aeffc8.php 第 9 行.
[ 2015-01-30T14:39:24+08:00 ] /crm/index.php/Kehu/index | NOTIC: [8] Undefined index: fg 0955c44da2e862e9115bb8ca32aeffc8.php 第 38 行.
[ 2015-01-30T14:39:24+08:00 ] /crm/index.php/Kehu/index | NOTIC: [8] Undefined index: fg 0955c44da2e862e9115bb8ca32aeffc8.php 第 38 行.
[ 2015-01-30T14:39:24+08:00 ] /crm/index.php/Kehu/index | NOTIC: [8] Undefined index: fg 0955c44da2e862e9115bb8ca32aeffc8.php 第 38 行.
[ 2015-01-30T14:39:24+08:00 ] /crm/index.php/Kehu/index | NOTIC: [8] Undefined index: fg 0955c44da2e862e9115bb8ca32aeffc8.php 第 38 行.
[ 2015-01-30T14:39:24+08:00 ] /crm/index.php/Kehu/index | NOTIC: [8] Undefined index: fg 0955c44da2e862e9115bb8ca32aeffc8.php 第 38 行.
[ 2015-01-30T14:39:24+08:00 ] /crm/index.php/Kehu/index | NOTIC: [8] Undefined index: fg 0955c44da2e862e9115bb8ca32aeffc8.php 第 38 行.
[ 2015-01-30T14:39:24+08:00 ] /crm/index.php/Kehu/index | NOTIC: [8] Undefined index: fg 0955c44da2e862e9115bb8ca32aeffc8.php 第 38 行.
[ 2015-01-30T14:39:24+08:00 ] /crm/index.php/Kehu/index | NOTIC: [8] Undefined variable:  0955c44da2e862e9115bb8ca32aeffc8.php 第 45 行.
[ 2015-01-30T14:39:24+08:00 ] /crm/index.php/Kehu/index | NOTIC: [8] Undefined variable:  0955c44da2e862e9115bb8ca32aeffc8.php 第 48 行.
[ 2015-01-30T14:39:24+08:00 ] /crm/index.php/Kehu/index | NOTIC: [8] Undefined variable: Think 0955c44da2e862e9115bb8ca32aeffc8.php 第 77 行.
[ 2015-01-30T14:39:24+08:00 ] /crm/index.php/Kehu/index | NOTIC: [8] Undefined variable: Think 0955c44da2e862e9115bb8ca32aeffc8.php 第 77 行.
[ 2015-01-30T14:39:24+08:00 ] /crm/index.php/Kehu/index | NOTIC: [8] Undefined variable: Think 0955c44da2e862e9115bb8ca32aeffc8.php 第 77 行.
[ 2015-01-30T14:39:24+08:00 ] /crm/index.php/Kehu/index | NOTIC: [8] Undefined variable: Think 0955c44da2e862e9115bb8ca32aeffc8.php 第 77 行.
[ 2015-01-30T14:39:24+08:00 ] /crm/index.php/Kehu/index | NOTIC: [8] Undefined variable: Think 0955c44da2e862e9115bb8ca32aeffc8.php 第 77 行.
[ 2015-01-30T14:39:24+08:00 ] /crm/index.php/Kehu/index | NOTIC: [8] Undefined variable: Think 0955c44da2e862e9115bb8ca32aeffc8.php 第 77 行.
[ 2015-01-30T14:39:24+08:00 ] /crm/index.php/Kehu/index | NOTIC: [8] Undefined variable: Think 0955c44da2e862e9115bb8ca32aeffc8.php 第 77 行.
[ 2015-01-30T14:39:24+08:00 ] /crm/index.php/Kehu/index | NOTIC: [8] Undefined variable: Think 0955c44da2e862e9115bb8ca32aeffc8.php 第 77 行.
[ 2015-01-30T14:39:24+08:00 ] /crm/index.php/Kehu/index | NOTIC: [8] Undefined variable: Think 0955c44da2e862e9115bb8ca32aeffc8.php 第 77 行.
[ 2015-01-30T14:39:24+08:00 ] /crm/index.php/Kehu/index | NOTIC: [8] Undefined variable: Think 0955c44da2e862e9115bb8ca32aeffc8.php 第 77 行.
[ 2015-01-30T14:39:24+08:00 ] /crm/index.php/Kehu/index | NOTIC: [8] Undefined variable: Think 0955c44da2e862e9115bb8ca32aeffc8.php 第 77 行.
[ 2015-01-30T14:39:24+08:00 ] /crm/index.php/Kehu/index | NOTIC: [8] Undefined variable: Think 0955c44da2e862e9115bb8ca32aeffc8.php 第 77 行.
[ 2015-01-30T14:39:24+08:00 ] /crm/index.php/Kehu/index | NOTIC: [8] Undefined variable: Think 0955c44da2e862e9115bb8ca32aeffc8.php 第 77 行.
[ 2015-01-30T14:39:24+08:00 ] /crm/index.php/Kehu/index | NOTIC: [8] Undefined variable: Think 0955c44da2e862e9115bb8ca32aeffc8.php 第 77 行.
[ 2015-01-30T14:39:24+08:00 ] /crm/index.php/Kehu/index | NOTIC: [8] Undefined variable: Think 0955c44da2e862e9115bb8ca32aeffc8.php 第 77 行.
[ 2015-01-30T14:39:24+08:00 ] /crm/index.php/Kehu/index | NOTIC: [8] Undefined variable: Think 0955c44da2e862e9115bb8ca32aeffc8.php 第 77 行.
[ 2015-01-30T14:39:24+08:00 ] /crm/index.php/Kehu/index | NOTIC: [8] Undefined variable: Think 0955c44da2e862e9115bb8ca32aeffc8.php 第 77 行.
[ 2015-01-30T14:39:24+08:00 ] /crm/index.php/Kehu/index | NOTIC: [8] Undefined variable: Think 0955c44da2e862e9115bb8ca32aeffc8.php 第 112 行.
[ 2015-01-30T14:39:24+08:00 ] /crm/index.php/Kehu/index | NOTIC: [8] Undefined variable: Think 0955c44da2e862e9115bb8ca32aeffc8.php 第 112 行.
[ 2015-01-30T14:39:24+08:00 ] /crm/index.php/Kehu/index | NOTIC: [8] Undefined variable: Think 0955c44da2e862e9115bb8ca32aeffc8.php 第 112 行.
[ 2015-01-30T14:39:24+08:00 ] /crm/index.php/Kehu/index | NOTIC: [8] Undefined variable: Think 0955c44da2e862e9115bb8ca32aeffc8.php 第 112 行.
[ 2015-01-30T14:39:24+08:00 ] /crm/index.php/Kehu/index | NOTIC: [8] Undefined variable: Think 0955c44da2e862e9115bb8ca32aeffc8.php 第 112 行.
[ 2015-01-30T14:39:24+08:00 ] /crm/index.php/Kehu/index | NOTIC: [8] Undefined variable: Think 0955c44da2e862e9115bb8ca32aeffc8.php 第 112 行.
[ 2015-01-30T14:39:24+08:00 ] /crm/index.php/Kehu/index | NOTIC: [8] Undefined variable: Think 0955c44da2e862e9115bb8ca32aeffc8.php 第 112 行.
[ 2015-01-30T14:39:24+08:00 ] /crm/index.php/Kehu/index | NOTIC: [8] Undefined variable: Think 0955c44da2e862e9115bb8ca32aeffc8.php 第 112 行.
[ 2015-01-30T14:39:24+08:00 ] /crm/index.php/Kehu/index | NOTIC: [8] Undefined variable: Think 0955c44da2e862e9115bb8ca32aeffc8.php 第 112 行.
[ 2015-01-30T14:39:24+08:00 ] /crm/index.php/Kehu/index | NOTIC: [8] Undefined variable: Think 0955c44da2e862e9115bb8ca32aeffc8.php 第 112 行.
[ 2015-01-30T14:39:24+08:00 ] /crm/index.php/Kehu/index | NOTIC: [8] Undefined variable: Think 0955c44da2e862e9115bb8ca32aeffc8.php 第 112 行.
[ 2015-01-30T14:39:24+08:00 ] /crm/index.php/Kehu/index | NOTIC: [8] Undefined variable: Think 0955c44da2e862e9115bb8ca32aeffc8.php 第 112 行.
[ 2015-01-30T14:39:24+08:00 ] /crm/index.php/Kehu/index | NOTIC: [8] Undefined variable: Think 0955c44da2e862e9115bb8ca32aeffc8.php 第 112 行.
[ 2015-01-30T14:39:24+08:00 ] /crm/index.php/Kehu/index | NOTIC: [8] Undefined variable: Think 0955c44da2e862e9115bb8ca32aeffc8.php 第 112 行.
[ 2015-01-30T14:39:24+08:00 ] /crm/index.php/Kehu/index | NOTIC: [8] Undefined variable: Think 0955c44da2e862e9115bb8ca32aeffc8.php 第 112 行.
[ 2015-01-30T14:39:24+08:00 ] /crm/index.php/Kehu/index | NOTIC: [8] Undefined variable: Think 0955c44da2e862e9115bb8ca32aeffc8.php 第 112 行.
[ 2015-01-30T14:39:24+08:00 ] /crm/index.php/Kehu/index | NOTIC: [8] Undefined variable: Think 0955c44da2e862e9115bb8ca32aeffc8.php 第 112 行.
[ 2015-01-30T14:39:24+08:00 ] /crm/index.php/Kehu/index | INFO: Run ParseTemplate Behavior [ RunTime:0.038002s ]
[ 2015-01-30T14:39:24+08:00 ] /crm/index.php/Kehu/index | INFO: Tag[ view_parse ] --END-- [ RunTime:0.038002s ]
[ 2015-01-30T14:39:24+08:00 ] /crm/index.php/Kehu/index | INFO: Tag[ view_filter ] --START--
[ 2015-01-30T14:39:24+08:00 ] /crm/index.php/Kehu/index | INFO: Run ContentReplace Behavior [ RunTime:0.001000s ]
[ 2015-01-30T14:39:24+08:00 ] /crm/index.php/Kehu/index | INFO: Run TokenBuild Behavior [ RunTime:0.001001s ]
[ 2015-01-30T14:39:24+08:00 ] /crm/index.php/Kehu/index | INFO: Run WriteHtmlCache Behavior [ RunTime:0.000000s ]
[ 2015-01-30T14:39:24+08:00 ] /crm/index.php/Kehu/index | INFO: Run ShowRuntime Behavior [ RunTime:0.001000s ]
[ 2015-01-30T14:39:24+08:00 ] /crm/index.php/Kehu/index | INFO: Tag[ view_filter ] --END-- [ RunTime:0.004001s ]
[ 2015-01-30T14:39:24+08:00 ] /crm/index.php/Kehu/index | INFO: Tag[ view_end ] --START--
[ 2015-01-30T14:39:24+08:00 ] /crm/index.php/Kehu/index | INFO: Run ShowPageTrace Behavior [ RunTime:0.001000s ]
[ 2015-01-30T14:39:24+08:00 ] /crm/index.php/Kehu/index | INFO: Tag[ view_end ] --END-- [ RunTime:0.001000s ]
[ 2015-01-30T15:15:05+08:00 ] /crm/index.php/Index/index | INFO: Tag[ route_check ] --START--
[ 2015-01-30T15:15:05+08:00 ] /crm/index.php/Index/index | INFO: Run CheckRoute Behavior [ RunTime:0.002000s ]
[ 2015-01-30T15:15:05+08:00 ] /crm/index.php/Index/index | INFO: Tag[ route_check ] --END-- [ RunTime:0.002000s ]
[ 2015-01-30T15:15:05+08:00 ] /crm/index.php/Index/index | INFO: Tag[ app_begin ] --START--
[ 2015-01-30T15:15:05+08:00 ] /crm/index.php/Index/index | INFO: Run ReadHtmlCache Behavior [ RunTime:0.001000s ]
[ 2015-01-30T15:15:05+08:00 ] /crm/index.php/Index/index | INFO: Tag[ app_begin ] --END-- [ RunTime:0.001000s ]
[ 2015-01-30T15:15:05+08:00 ] /crm/index.php/Index/index | INFO: Tag[ view_template ] --START--
[ 2015-01-30T15:15:05+08:00 ] /crm/index.php/Index/index | INFO: Run LocationTemplate Behavior [ RunTime:0.002001s ]
[ 2015-01-30T15:15:05+08:00 ] /crm/index.php/Index/index | INFO: Tag[ view_template ] --END-- [ RunTime:0.002001s ]
[ 2015-01-30T15:15:05+08:00 ] /crm/index.php/Index/index | INFO: Tag[ view_parse ] --START--
[ 2015-01-30T15:15:05+08:00 ] /crm/index.php/Index/index | INFO: Run ParseTemplate Behavior [ RunTime:0.023001s ]
[ 2015-01-30T15:15:05+08:00 ] /crm/index.php/Index/index | INFO: Tag[ view_parse ] --END-- [ RunTime:0.023001s ]
[ 2015-01-30T15:15:05+08:00 ] /crm/index.php/Index/index | INFO: Tag[ view_filter ] --START--
[ 2015-01-30T15:15:05+08:00 ] /crm/index.php/Index/index | INFO: Run ContentReplace Behavior [ RunTime:0.001000s ]
[ 2015-01-30T15:15:05+08:00 ] /crm/index.php/Index/index | INFO: Run TokenBuild Behavior [ RunTime:0.002000s ]
[ 2015-01-30T15:15:05+08:00 ] /crm/index.php/Index/index | INFO: Run WriteHtmlCache Behavior [ RunTime:0.001000s ]
[ 2015-01-30T15:15:05+08:00 ] /crm/index.php/Index/index | INFO: Run ShowRuntime Behavior [ RunTime:0.001000s ]
[ 2015-01-30T15:15:05+08:00 ] /crm/index.php/Index/index | INFO: Tag[ view_filter ] --END-- [ RunTime:0.005000s ]
[ 2015-01-30T15:15:05+08:00 ] /crm/index.php/Index/index | INFO: Tag[ view_end ] --START--
[ 2015-01-30T15:15:05+08:00 ] /crm/index.php/Index/index | INFO: Run ShowPageTrace Behavior [ RunTime:0.002000s ]
[ 2015-01-30T15:15:05+08:00 ] /crm/index.php/Index/index | INFO: Tag[ view_end ] --END-- [ RunTime:0.002000s ]
[ 2015-01-30T15:15:05+08:00 ] /crm/index.php/Index/index | INFO: Tag[ route_check ] --START--
[ 2015-01-30T15:15:05+08:00 ] /crm/index.php/Index/index | INFO: Run CheckRoute Behavior [ RunTime:0.002000s ]
[ 2015-01-30T15:15:05+08:00 ] /crm/index.php/Index/index | INFO: Tag[ route_check ] --END-- [ RunTime:0.002000s ]
[ 2015-01-30T15:15:05+08:00 ] /crm/index.php/Index/index | INFO: Tag[ app_begin ] --START--
[ 2015-01-30T15:15:05+08:00 ] /crm/index.php/Index/index | INFO: Run ReadHtmlCache Behavior [ RunTime:0.001000s ]
[ 2015-01-30T15:15:05+08:00 ] /crm/index.php/Index/index | INFO: Tag[ app_begin ] --END-- [ RunTime:0.001000s ]
[ 2015-01-30T15:15:05+08:00 ] /crm/index.php/Index/index | INFO: Tag[ view_template ] --START--
[ 2015-01-30T15:15:05+08:00 ] /crm/index.php/Index/index | INFO: Run LocationTemplate Behavior [ RunTime:0.001000s ]
[ 2015-01-30T15:15:05+08:00 ] /crm/index.php/Index/index | INFO: Tag[ view_template ] --END-- [ RunTime:0.001000s ]
[ 2015-01-30T15:15:05+08:00 ] /crm/index.php/Index/index | INFO: Tag[ view_parse ] --START--
[ 2015-01-30T15:15:05+08:00 ] /crm/index.php/Index/index | INFO: Run ParseTemplate Behavior [ RunTime:0.010000s ]
[ 2015-01-30T15:15:05+08:00 ] /crm/index.php/Index/index | INFO: Tag[ view_parse ] --END-- [ RunTime:0.011000s ]
[ 2015-01-30T15:15:05+08:00 ] /crm/index.php/Index/index | INFO: Tag[ view_filter ] --START--
[ 2015-01-30T15:15:05+08:00 ] /crm/index.php/Index/index | INFO: Run ContentReplace Behavior [ RunTime:0.001001s ]
[ 2015-01-30T15:15:05+08:00 ] /crm/index.php/Index/index | INFO: Run TokenBuild Behavior [ RunTime:0.001000s ]
[ 2015-01-30T15:15:05+08:00 ] /crm/index.php/Index/index | INFO: Run WriteHtmlCache Behavior [ RunTime:0.001000s ]
[ 2015-01-30T15:15:05+08:00 ] /crm/index.php/Index/index | INFO: Run ShowRuntime Behavior [ RunTime:0.001000s ]
[ 2015-01-30T15:15:05+08:00 ] /crm/index.php/Index/index | INFO: Tag[ view_filter ] --END-- [ RunTime:0.004001s ]
[ 2015-01-30T15:15:05+08:00 ] /crm/index.php/Index/index | INFO: Tag[ view_end ] --START--
[ 2015-01-30T15:15:05+08:00 ] /crm/index.php/Index/index | INFO: Run ShowPageTrace Behavior [ RunTime:0.001000s ]
[ 2015-01-30T15:15:05+08:00 ] /crm/index.php/Index/index | INFO: Tag[ view_end ] --END-- [ RunTime:0.001000s ]
[ 2015-01-30T15:15:05+08:00 ] /crm/index.php/Index/top | INFO: Tag[ route_check ] --START--
[ 2015-01-30T15:15:05+08:00 ] /crm/index.php/Index/top | INFO: Run CheckRoute Behavior [ RunTime:0.001000s ]
[ 2015-01-30T15:15:05+08:00 ] /crm/index.php/Index/top | INFO: Tag[ route_check ] --END-- [ RunTime:0.002000s ]
[ 2015-01-30T15:15:05+08:00 ] /crm/index.php/Index/top | INFO: Tag[ app_begin ] --START--
[ 2015-01-30T15:15:05+08:00 ] /crm/index.php/Index/top | INFO: Run ReadHtmlCache Behavior [ RunTime:0.001000s ]
[ 2015-01-30T15:15:05+08:00 ] /crm/index.php/Index/top | INFO: Tag[ app_begin ] --END-- [ RunTime:0.001000s ]
[ 2015-01-30T15:15:05+08:00 ] /crm/index.php/Index/top | INFO: Tag[ view_template ] --START--
[ 2015-01-30T15:15:05+08:00 ] /crm/index.php/Index/top | INFO: Run LocationTemplate Behavior [ RunTime:0.002000s ]
[ 2015-01-30T15:15:05+08:00 ] /crm/index.php/Index/top | INFO: Tag[ view_template ] --END-- [ RunTime:0.002000s ]
[ 2015-01-30T15:15:05+08:00 ] /crm/index.php/Index/top | INFO: Tag[ view_parse ] --START--
[ 2015-01-30T15:15:05+08:00 ] /crm/index.php/Index/top | NOTIC: [8] Undefined variable: title c46541ede516b5316fa1d0758f8171a9.php 第 9 行.
[ 2015-01-30T15:15:05+08:00 ] /crm/index.php/Index/top | INFO: Run ParseTemplate Behavior [ RunTime:0.025001s ]
[ 2015-01-30T15:15:05+08:00 ] /crm/index.php/Index/top | INFO: Tag[ view_parse ] --END-- [ RunTime:0.025001s ]
[ 2015-01-30T15:15:05+08:00 ] /crm/index.php/Index/top | INFO: Tag[ view_filter ] --START--
[ 2015-01-30T15:15:05+08:00 ] /crm/index.php/Index/top | INFO: Run ContentReplace Behavior [ RunTime:0.002000s ]
[ 2015-01-30T15:15:05+08:00 ] /crm/index.php/Index/top | INFO: Run TokenBuild Behavior [ RunTime:0.001000s ]
[ 2015-01-30T15:15:05+08:00 ] /crm/index.php/Index/top | INFO: Run WriteHtmlCache Behavior [ RunTime:0.001000s ]
[ 2015-01-30T15:15:05+08:00 ] /crm/index.php/Index/top | INFO: Run ShowRuntime Behavior [ RunTime:0.001001s ]
[ 2015-01-30T15:15:05+08:00 ] /crm/index.php/Index/top | INFO: Tag[ view_filter ] --END-- [ RunTime:0.005001s ]
[ 2015-01-30T15:15:05+08:00 ] /crm/index.php/Index/top | INFO: Tag[ view_end ] --START--
[ 2015-01-30T15:15:05+08:00 ] /crm/index.php/Index/top | INFO: Run ShowPageTrace Behavior [ RunTime:0.001000s ]
[ 2015-01-30T15:15:05+08:00 ] /crm/index.php/Index/top | INFO: Tag[ view_end ] --END-- [ RunTime:0.001000s ]
[ 2015-01-30T15:15:05+08:00 ] /crm/index.php/Index/zhu | INFO: Tag[ route_check ] --START--
[ 2015-01-30T15:15:05+08:00 ] /crm/index.php/Index/zhu | INFO: Run CheckRoute Behavior [ RunTime:0.002000s ]
[ 2015-01-30T15:15:05+08:00 ] /crm/index.php/Index/zhu | INFO: Tag[ route_check ] --END-- [ RunTime:0.002000s ]
[ 2015-01-30T15:15:05+08:00 ] /crm/index.php/Index/zhu | INFO: Tag[ app_begin ] --START--
[ 2015-01-30T15:15:05+08:00 ] /crm/index.php/Index/zhu | INFO: Run ReadHtmlCache Behavior [ RunTime:0.002001s ]
[ 2015-01-30T15:15:05+08:00 ] /crm/index.php/Index/zhu | INFO: Tag[ app_begin ] --END-- [ RunTime:0.002001s ]
[ 2015-01-30T15:15:05+08:00 ] /crm/index.php/Index/zhu | SQL: SHOW COLUMNS FROM `crm_cus_info` [ RunTime:0.007000s ]
[ 2015-01-30T15:15:05+08:00 ] /crm/index.php/Index/zhu | SQL: SHOW COLUMNS FROM `crm_cron` [ RunTime:0.006000s ]
[ 2015-01-30T15:15:05+08:00 ] /crm/index.php/Index/zhu | SQL: SELECT * FROM `crm_cron` WHERE ( `uid` = 70 ) AND ( `nexttime` >= 1422602105 )  [ RunTime:0.000000s ]
[ 2015-01-30T15:15:05+08:00 ] /crm/index.php/Index/zhu | NOTIC: [2] Invalid argument supplied for foreach() IndexAction.class.php 第 21 行.
[ 2015-01-30T15:15:05+08:00 ] /crm/index.php/Index/zhu | SQL: select count(c.id) as count,u.uid,u.uname,u.rank from crm_cus_info as c,crm_user as u where u.department=2 and c.salemanId=u.uid group by c.salemanId order by count desc [ RunTime:0.003000s ]
[ 2015-01-30T15:15:05+08:00 ] /crm/index.php/Index/zhu | NOTIC: [8] Undefined offset: 0 IndexAction.class.php 第 36 行.
[ 2015-01-30T15:15:05+08:00 ] /crm/index.php/Index/zhu | SQL: SELECT * FROM `crm_cus_info` WHERE ( `ctime` >= 1420041600 ) AND ( `salemanId` = 70 )  [ RunTime:0.001000s ]
[ 2015-01-30T15:15:05+08:00 ] /crm/index.php/Index/zhu | SQL: SHOW COLUMNS FROM `crm_products` [ RunTime:0.008001s ]
[ 2015-01-30T15:15:05+08:00 ] /crm/index.php/Index/zhu | SQL: SHOW COLUMNS FROM `crm_cus_info` [ RunTime:0.006000s ]
[ 2015-01-30T15:15:05+08:00 ] /crm/index.php/Index/zhu | SQL: SHOW COLUMNS FROM `crm_order` [ RunTime:0.006000s ]
[ 2015-01-30T15:15:05+08:00 ] /crm/index.php/Index/zhu | SQL: SHOW COLUMNS FROM `crm_protype` [ RunTime:0.006000s ]
[ 2015-01-30T15:15:05+08:00 ] /crm/index.php/Index/zhu | SQL: SELECT o.id AS order_id FROM crm_products o  JOIN crm_cus_info c ON o.cusid=c.id  JOIN crm_order od ON od.product_id=o.id  JOIN crm_protype p ON o.pid=p.tid WHERE ( o.ctime >= 1420041600 ) AND ( c.salemanId = '70' )  [ RunTime:0.001000s ]
[ 2015-01-30T15:15:05+08:00 ] /crm/index.php/Index/zhu | NOTIC: [2] Invalid argument supplied for foreach() IndexAction.class.php 第 51 行.
[ 2015-01-30T15:15:05+08:00 ] /crm/index.php/Index/zhu | SQL: SHOW COLUMNS FROM `crm_order` [ RunTime:0.006000s ]
[ 2015-01-30T15:15:05+08:00 ] /crm/index.php/Index/zhu | NOTIC: [2] implode(): Invalid arguments passed Db.class.php 第 538 行.
[ 2015-01-30T15:15:05+08:00 ] /crm/index.php/Index/zhu | SQL: SELECT SUM(payment) AS tp_sum FROM `crm_order` WHERE ( `product_id` IN () ) AND ( `is_on` = 'enabled' ) AND ( `from` >= 1420041600 ) LIMIT 1   [ RunTime:0.000000s ]
[ 2015-01-30T15:15:05+08:00 ] /crm/index.php/Index/zhu | SQL: SHOW COLUMNS FROM `crm_order` [ RunTime:0.006001s ]
[ 2015-01-30T15:15:05+08:00 ] /crm/index.php/Index/zhu | NOTIC: [2] implode(): Invalid arguments passed Db.class.php 第 538 行.
[ 2015-01-30T15:15:05+08:00 ] /crm/index.php/Index/zhu | SQL: SELECT SUM(paid) AS tp_sum FROM `crm_order` WHERE ( `product_id` IN () ) AND ( `is_on` = 'enabled' ) AND ( `from` >= 1420041600 ) LIMIT 1   [ RunTime:0.000000s ]
[ 2015-01-30T15:15:05+08:00 ] /crm/index.php/Index/zhu | SQL: SHOW COLUMNS FROM `crm_leave` [ RunTime:0.007000s ]
[ 2015-01-30T15:15:05+08:00 ] /crm/index.php/Index/zhu | SQL: SELECT `id` FROM `crm_leave` WHERE ( `uid` = 70 ) AND ( `status` >= '1' ) AND ( `is_warn` = 1 )  [ RunTime:0.001000s ]
[ 2015-01-30T15:15:05+08:00 ] /crm/index.php/Index/zhu | SQL: SHOW COLUMNS FROM `crm_title_reader` [ RunTime:0.008000s ]
[ 2015-01-30T15:15:05+08:00 ] /crm/index.php/Index/zhu | SQL: SELECT `notice_id` FROM `crm_title_reader` WHERE reader=70  [ RunTime:0.001000s ]
[ 2015-01-30T15:15:05+08:00 ] /crm/index.php/Index/zhu | SQL: SHOW COLUMNS FROM `crm_title` [ RunTime:0.007000s ]
[ 2015-01-30T15:15:05+08:00 ] /crm/index.php/Index/zhu | SQL: SELECT * FROM `crm_title` WHERE ( `id` NOT IN (0) )  [ RunTime:0.001000s ]
[ 2015-01-30T15:15:05+08:00 ] /crm/index.php/Index/zhu | INFO: Tag[ view_template ] --START--
[ 2015-01-30T15:15:05+08:00 ] /crm/index.php/Index/zhu | INFO: Run LocationTemplate Behavior [ RunTime:0.002000s ]
[ 2015-01-30T15:15:05+08:00 ] /crm/index.php/Index/zhu | INFO: Tag[ view_template ] --END-- [ RunTime:0.002000s ]
[ 2015-01-30T15:15:05+08:00 ] /crm/index.php/Index/zhu | INFO: Tag[ view_parse ] --START--
[ 2015-01-30T15:15:05+08:00 ] /crm/index.php/Index/zhu | NOTIC: [8] Undefined variable: title 2e9d41d2e1c2dc54a203450b65c6b5d9.php 第 9 行.
[ 2015-01-30T15:15:05+08:00 ] /crm/index.php/Index/zhu | INFO: Run ParseTemplate Behavior [ RunTime:0.022001s ]
[ 2015-01-30T15:15:05+08:00 ] /crm/index.php/Index/zhu | INFO: Tag[ view_parse ] --END-- [ RunTime:0.022001s ]
[ 2015-01-30T15:15:05+08:00 ] /crm/index.php/Index/zhu | INFO: Tag[ view_filter ] --START--
[ 2015-01-30T15:15:05+08:00 ] /crm/index.php/Index/zhu | INFO: Run ContentReplace Behavior [ RunTime:0.001000s ]
[ 2015-01-30T15:15:05+08:00 ] /crm/index.php/Index/zhu | INFO: Run TokenBuild Behavior [ RunTime:0.001000s ]
[ 2015-01-30T15:15:05+08:00 ] /crm/index.php/Index/zhu | INFO: Run WriteHtmlCache Behavior [ RunTime:0.000000s ]
[ 2015-01-30T15:15:05+08:00 ] /crm/index.php/Index/zhu | INFO: Run ShowRuntime Behavior [ RunTime:0.001000s ]
[ 2015-01-30T15:15:05+08:00 ] /crm/index.php/Index/zhu | INFO: Tag[ view_filter ] --END-- [ RunTime:0.004000s ]
[ 2015-01-30T15:15:05+08:00 ] /crm/index.php/Index/zhu | INFO: Tag[ view_template ] --START--
[ 2015-01-30T15:15:05+08:00 ] /crm/index.php/Index/zhu | INFO: Run LocationTemplate Behavior [ RunTime:0.000000s ]
[ 2015-01-30T15:15:05+08:00 ] /crm/index.php/Index/zhu | INFO: Tag[ view_template ] --END-- [ RunTime:-0.027001s ]
[ 2015-01-30T15:15:05+08:00 ] /crm/index.php/Index/zhu | INFO: Tag[ view_parse ] --START--
[ 2015-01-30T15:15:05+08:00 ] /crm/index.php/Index/zhu | NOTIC: [8] Undefined variable: title 2e9d41d2e1c2dc54a203450b65c6b5d9.php 第 9 行.
[ 2015-01-30T15:15:05+08:00 ] /crm/index.php/Index/zhu | INFO: Run ParseTemplate Behavior [ RunTime:0.012001s ]
[ 2015-01-30T15:15:05+08:00 ] /crm/index.php/Index/zhu | INFO: Tag[ view_parse ] --END-- [ RunTime:-0.005000s ]
[ 2015-01-30T15:15:05+08:00 ] /crm/index.php/Index/zhu | INFO: Tag[ view_filter ] --START--
[ 2015-01-30T15:15:05+08:00 ] /crm/index.php/Index/zhu | INFO: Run ContentReplace Behavior [ RunTime:0.000000s ]
[ 2015-01-30T15:15:05+08:00 ] /crm/index.php/Index/zhu | INFO: Run TokenBuild Behavior [ RunTime:0.000000s ]
[ 2015-01-30T15:15:05+08:00 ] /crm/index.php/Index/zhu | INFO: Run WriteHtmlCache Behavior [ RunTime:0.000000s ]
[ 2015-01-30T15:15:05+08:00 ] /crm/index.php/Index/zhu | INFO: Run ShowRuntime Behavior [ RunTime:0.001000s ]
[ 2015-01-30T15:15:05+08:00 ] /crm/index.php/Index/zhu | INFO: Tag[ view_filter ] --END-- [ RunTime:-0.015001s ]
[ 2015-01-30T15:15:05+08:00 ] /crm/index.php/Index/zhu | INFO: Tag[ view_end ] --START--
[ 2015-01-30T15:15:05+08:00 ] /crm/index.php/Index/zhu | INFO: Run ShowPageTrace Behavior [ RunTime:0.001000s ]
[ 2015-01-30T15:15:05+08:00 ] /crm/index.php/Index/zhu | INFO: Tag[ view_end ] --END-- [ RunTime:0.001000s ]
[ 2015-01-30T15:15:05+08:00 ] /crm/index.php/Index/left | INFO: Tag[ route_check ] --START--
[ 2015-01-30T15:15:05+08:00 ] /crm/index.php/Index/left | INFO: Run CheckRoute Behavior [ RunTime:0.007000s ]
[ 2015-01-30T15:15:05+08:00 ] /crm/index.php/Index/left | INFO: Tag[ route_check ] --END-- [ RunTime:0.007000s ]
[ 2015-01-30T15:15:05+08:00 ] /crm/index.php/Index/left | INFO: Tag[ app_begin ] --START--
[ 2015-01-30T15:15:05+08:00 ] /crm/index.php/Index/left | INFO: Run ReadHtmlCache Behavior [ RunTime:0.002000s ]
[ 2015-01-30T15:15:05+08:00 ] /crm/index.php/Index/left | INFO: Tag[ app_begin ] --END-- [ RunTime:0.002000s ]
[ 2015-01-30T15:15:05+08:00 ] /crm/index.php/Index/left | INFO: Tag[ view_template ] --START--
[ 2015-01-30T15:15:05+08:00 ] /crm/index.php/Index/left | INFO: Run LocationTemplate Behavior [ RunTime:0.001000s ]
[ 2015-01-30T15:15:05+08:00 ] /crm/index.php/Index/left | INFO: Tag[ view_template ] --END-- [ RunTime:0.002000s ]
[ 2015-01-30T15:15:05+08:00 ] /crm/index.php/Index/left | INFO: Tag[ view_parse ] --START--
[ 2015-01-30T15:15:05+08:00 ] /crm/index.php/Index/left | NOTIC: [8] Undefined variable: title 84cf5c8a0f88e4e2fa8f4dc83e02d85c.php 第 9 行.
[ 2015-01-30T15:15:05+08:00 ] /crm/index.php/Index/left | INFO: Run ParseTemplate Behavior [ RunTime:0.028001s ]
[ 2015-01-30T15:15:05+08:00 ] /crm/index.php/Index/left | INFO: Tag[ view_parse ] --END-- [ RunTime:0.029002s ]
[ 2015-01-30T15:15:05+08:00 ] /crm/index.php/Index/left | INFO: Tag[ view_filter ] --START--
[ 2015-01-30T15:15:05+08:00 ] /crm/index.php/Index/left | INFO: Run ContentReplace Behavior [ RunTime:0.001000s ]
[ 2015-01-30T15:15:05+08:00 ] /crm/index.php/Index/left | INFO: Run TokenBuild Behavior [ RunTime:0.001000s ]
[ 2015-01-30T15:15:05+08:00 ] /crm/index.php/Index/left | INFO: Run WriteHtmlCache Behavior [ RunTime:0.000000s ]
[ 2015-01-30T15:15:05+08:00 ] /crm/index.php/Index/left | INFO: Run ShowRuntime Behavior [ RunTime:0.001000s ]
[ 2015-01-30T15:15:05+08:00 ] /crm/index.php/Index/left | INFO: Tag[ view_filter ] --END-- [ RunTime:0.005000s ]
[ 2015-01-30T15:15:05+08:00 ] /crm/index.php/Index/left | INFO: Tag[ view_end ] --START--
[ 2015-01-30T15:15:05+08:00 ] /crm/index.php/Index/left | INFO: Run ShowPageTrace Behavior [ RunTime:0.004000s ]
[ 2015-01-30T15:15:05+08:00 ] /crm/index.php/Index/left | INFO: Tag[ view_end ] --END-- [ RunTime:0.004000s ]
[ 2015-01-30T15:32:40+08:00 ] /crm/index.php/Index/top | INFO: Tag[ route_check ] --START--
[ 2015-01-30T15:32:40+08:00 ] /crm/index.php/Index/top | INFO: Run CheckRoute Behavior [ RunTime:0.001000s ]
[ 2015-01-30T15:32:40+08:00 ] /crm/index.php/Index/top | INFO: Tag[ route_check ] --END-- [ RunTime:0.002000s ]
[ 2015-01-30T15:32:40+08:00 ] /crm/index.php/Index/top | INFO: Tag[ app_begin ] --START--
[ 2015-01-30T15:32:40+08:00 ] /crm/index.php/Index/top | INFO: Run ReadHtmlCache Behavior [ RunTime:0.002000s ]
[ 2015-01-30T15:32:40+08:00 ] /crm/index.php/Index/top | INFO: Tag[ app_begin ] --END-- [ RunTime:0.002000s ]
[ 2015-01-30T15:32:40+08:00 ] /crm/index.php/Index/top | INFO: Tag[ view_template ] --START--
[ 2015-01-30T15:32:40+08:00 ] /crm/index.php/Index/top | INFO: Run LocationTemplate Behavior [ RunTime:0.002000s ]
[ 2015-01-30T15:32:40+08:00 ] /crm/index.php/Index/top | INFO: Tag[ view_template ] --END-- [ RunTime:0.002000s ]
[ 2015-01-30T15:32:40+08:00 ] /crm/index.php/Index/top | INFO: Tag[ view_parse ] --START--
[ 2015-01-30T15:32:40+08:00 ] /crm/index.php/Index/top | NOTIC: [8] Undefined variable: title c46541ede516b5316fa1d0758f8171a9.php 第 9 行.
[ 2015-01-30T15:32:40+08:00 ] /crm/index.php/Index/top | INFO: Run ParseTemplate Behavior [ RunTime:0.014001s ]
[ 2015-01-30T15:32:40+08:00 ] /crm/index.php/Index/top | INFO: Tag[ view_parse ] --END-- [ RunTime:0.014001s ]
[ 2015-01-30T15:32:40+08:00 ] /crm/index.php/Index/top | INFO: Tag[ view_filter ] --START--
[ 2015-01-30T15:32:40+08:00 ] /crm/index.php/Index/top | INFO: Run ContentReplace Behavior [ RunTime:0.001000s ]
[ 2015-01-30T15:32:40+08:00 ] /crm/index.php/Index/top | INFO: Run TokenBuild Behavior [ RunTime:0.001000s ]
[ 2015-01-30T15:32:40+08:00 ] /crm/index.php/Index/top | INFO: Run WriteHtmlCache Behavior [ RunTime:0.001000s ]
[ 2015-01-30T15:32:40+08:00 ] /crm/index.php/Index/top | INFO: Run ShowRuntime Behavior [ RunTime:0.001000s ]
[ 2015-01-30T15:32:40+08:00 ] /crm/index.php/Index/top | INFO: Tag[ view_filter ] --END-- [ RunTime:0.004000s ]
[ 2015-01-30T15:32:40+08:00 ] /crm/index.php/Index/top | INFO: Tag[ view_end ] --START--
[ 2015-01-30T15:32:40+08:00 ] /crm/index.php/Index/top | INFO: Run ShowPageTrace Behavior [ RunTime:0.001000s ]
[ 2015-01-30T15:32:40+08:00 ] /crm/index.php/Index/top | INFO: Tag[ view_end ] --END-- [ RunTime:0.001000s ]
[ 2015-01-30T15:32:40+08:00 ] /crm/index.php/Index/left | INFO: Tag[ route_check ] --START--
[ 2015-01-30T15:32:40+08:00 ] /crm/index.php/Index/left | INFO: Run CheckRoute Behavior [ RunTime:0.001001s ]
[ 2015-01-30T15:32:40+08:00 ] /crm/index.php/Index/left | INFO: Tag[ route_check ] --END-- [ RunTime:0.002001s ]
[ 2015-01-30T15:32:40+08:00 ] /crm/index.php/Index/left | INFO: Tag[ app_begin ] --START--
[ 2015-01-30T15:32:40+08:00 ] /crm/index.php/Index/left | INFO: Run ReadHtmlCache Behavior [ RunTime:0.001000s ]
[ 2015-01-30T15:32:40+08:00 ] /crm/index.php/Index/left | INFO: Tag[ app_begin ] --END-- [ RunTime:0.001000s ]
[ 2015-01-30T15:32:40+08:00 ] /crm/index.php/Index/left | INFO: Tag[ view_template ] --START--
[ 2015-01-30T15:32:40+08:00 ] /crm/index.php/Index/left | INFO: Run LocationTemplate Behavior [ RunTime:0.002000s ]
[ 2015-01-30T15:32:40+08:00 ] /crm/index.php/Index/left | INFO: Tag[ view_template ] --END-- [ RunTime:0.002000s ]
[ 2015-01-30T15:32:40+08:00 ] /crm/index.php/Index/left | INFO: Tag[ view_parse ] --START--
[ 2015-01-30T15:32:40+08:00 ] /crm/index.php/Index/left | NOTIC: [8] Undefined variable: title 84cf5c8a0f88e4e2fa8f4dc83e02d85c.php 第 9 行.
[ 2015-01-30T15:32:40+08:00 ] /crm/index.php/Index/left | INFO: Run ParseTemplate Behavior [ RunTime:0.042003s ]
[ 2015-01-30T15:32:40+08:00 ] /crm/index.php/Index/left | INFO: Tag[ view_parse ] --END-- [ RunTime:0.042003s ]
[ 2015-01-30T15:32:40+08:00 ] /crm/index.php/Index/left | INFO: Tag[ view_filter ] --START--
[ 2015-01-30T15:32:40+08:00 ] /crm/index.php/Index/left | INFO: Run ContentReplace Behavior [ RunTime:0.002000s ]
[ 2015-01-30T15:32:40+08:00 ] /crm/index.php/Index/left | INFO: Run TokenBuild Behavior [ RunTime:0.001000s ]
[ 2015-01-30T15:32:40+08:00 ] /crm/index.php/Index/left | INFO: Run WriteHtmlCache Behavior [ RunTime:0.001000s ]
[ 2015-01-30T15:32:40+08:00 ] /crm/index.php/Index/left | INFO: Run ShowRuntime Behavior [ RunTime:0.001000s ]
[ 2015-01-30T15:32:40+08:00 ] /crm/index.php/Index/left | INFO: Tag[ view_filter ] --END-- [ RunTime:0.005000s ]
[ 2015-01-30T15:32:40+08:00 ] /crm/index.php/Index/left | INFO: Tag[ view_end ] --START--
[ 2015-01-30T15:32:40+08:00 ] /crm/index.php/Index/left | INFO: Run ShowPageTrace Behavior [ RunTime:0.001000s ]
[ 2015-01-30T15:32:40+08:00 ] /crm/index.php/Index/left | INFO: Tag[ view_end ] --END-- [ RunTime:0.001000s ]
[ 2015-01-30T15:32:40+08:00 ] /crm/index.php/Index/zhu | INFO: Tag[ route_check ] --START--
[ 2015-01-30T15:32:40+08:00 ] /crm/index.php/Index/zhu | INFO: Run CheckRoute Behavior [ RunTime:0.002000s ]
[ 2015-01-30T15:32:40+08:00 ] /crm/index.php/Index/zhu | INFO: Tag[ route_check ] --END-- [ RunTime:0.002000s ]
[ 2015-01-30T15:32:40+08:00 ] /crm/index.php/Index/zhu | INFO: Tag[ app_begin ] --START--
[ 2015-01-30T15:32:40+08:00 ] /crm/index.php/Index/zhu | INFO: Run ReadHtmlCache Behavior [ RunTime:0.001000s ]
[ 2015-01-30T15:32:40+08:00 ] /crm/index.php/Index/zhu | INFO: Tag[ app_begin ] --END-- [ RunTime:0.001000s ]
[ 2015-01-30T15:32:40+08:00 ] /crm/index.php/Index/zhu | SQL: SHOW COLUMNS FROM `crm_cus_info` [ RunTime:0.006000s ]
[ 2015-01-30T15:32:40+08:00 ] /crm/index.php/Index/zhu | SQL: SHOW COLUMNS FROM `crm_cron` [ RunTime:0.006001s ]
[ 2015-01-30T15:32:40+08:00 ] /crm/index.php/Index/zhu | SQL: SELECT * FROM `crm_cron` WHERE ( `uid` = 70 ) AND ( `nexttime` >= 1422603160 )  [ RunTime:0.000000s ]
[ 2015-01-30T15:32:40+08:00 ] /crm/index.php/Index/zhu | NOTIC: [2] Invalid argument supplied for foreach() IndexAction.class.php 第 21 行.
[ 2015-01-30T15:32:40+08:00 ] /crm/index.php/Index/zhu | SQL: select count(c.id) as count,u.uid,u.uname,u.rank from crm_cus_info as c,crm_user as u where u.department=2 and c.salemanId=u.uid group by c.salemanId order by count desc [ RunTime:0.003000s ]
[ 2015-01-30T15:32:40+08:00 ] /crm/index.php/Index/zhu | NOTIC: [8] Undefined offset: 0 IndexAction.class.php 第 36 行.
[ 2015-01-30T15:32:40+08:00 ] /crm/index.php/Index/zhu | SQL: SELECT * FROM `crm_cus_info` WHERE ( `ctime` >= 1420041600 ) AND ( `salemanId` = 70 )  [ RunTime:0.001000s ]
[ 2015-01-30T15:32:40+08:00 ] /crm/index.php/Index/zhu | SQL: SHOW COLUMNS FROM `crm_products` [ RunTime:0.007001s ]
[ 2015-01-30T15:32:40+08:00 ] /crm/index.php/Index/zhu | SQL: SHOW COLUMNS FROM `crm_cus_info` [ RunTime:0.006000s ]
[ 2015-01-30T15:32:40+08:00 ] /crm/index.php/Index/zhu | SQL: SHOW COLUMNS FROM `crm_order` [ RunTime:0.008001s ]
[ 2015-01-30T15:32:40+08:00 ] /crm/index.php/Index/zhu | SQL: SHOW COLUMNS FROM `crm_protype` [ RunTime:0.006000s ]
[ 2015-01-30T15:32:40+08:00 ] /crm/index.php/Index/zhu | SQL: SELECT o.id AS order_id FROM crm_products o  JOIN crm_cus_info c ON o.cusid=c.id  JOIN crm_order od ON od.product_id=o.id  JOIN crm_protype p ON o.pid=p.tid WHERE ( o.ctime >= 1420041600 ) AND ( c.salemanId = '70' )  [ RunTime:0.001000s ]
[ 2015-01-30T15:32:40+08:00 ] /crm/index.php/Index/zhu | NOTIC: [2] Invalid argument supplied for foreach() IndexAction.class.php 第 51 行.
[ 2015-01-30T15:32:40+08:00 ] /crm/index.php/Index/zhu | SQL: SHOW COLUMNS FROM `crm_order` [ RunTime:0.007001s ]
[ 2015-01-30T15:32:40+08:00 ] /crm/index.php/Index/zhu | NOTIC: [2] implode(): Invalid arguments passed Db.class.php 第 538 行.
[ 2015-01-30T15:32:40+08:00 ] /crm/index.php/Index/zhu | SQL: SELECT SUM(payment) AS tp_sum FROM `crm_order` WHERE ( `product_id` IN () ) AND ( `is_on` = 'enabled' ) AND ( `from` >= 1420041600 ) LIMIT 1   [ RunTime:0.000000s ]
[ 2015-01-30T15:32:40+08:00 ] /crm/index.php/Index/zhu | SQL: SHOW COLUMNS FROM `crm_order` [ RunTime:0.008000s ]
[ 2015-01-30T15:32:40+08:00 ] /crm/index.php/Index/zhu | NOTIC: [2] implode(): Invalid arguments passed Db.class.php 第 538 行.
[ 2015-01-30T15:32:40+08:00 ] /crm/index.php/Index/zhu | SQL: SELECT SUM(paid) AS tp_sum FROM `crm_order` WHERE ( `product_id` IN () ) AND ( `is_on` = 'enabled' ) AND ( `from` >= 1420041600 ) LIMIT 1   [ RunTime:0.000000s ]
[ 2015-01-30T15:32:40+08:00 ] /crm/index.php/Index/zhu | SQL: SHOW COLUMNS FROM `crm_leave` [ RunTime:0.007001s ]
[ 2015-01-30T15:32:40+08:00 ] /crm/index.php/Index/zhu | SQL: SELECT `id` FROM `crm_leave` WHERE ( `uid` = 70 ) AND ( `status` >= '1' ) AND ( `is_warn` = 1 )  [ RunTime:0.001000s ]
[ 2015-01-30T15:32:40+08:00 ] /crm/index.php/Index/zhu | SQL: SHOW COLUMNS FROM `crm_title_reader` [ RunTime:0.006000s ]
[ 2015-01-30T15:32:40+08:00 ] /crm/index.php/Index/zhu | SQL: SELECT `notice_id` FROM `crm_title_reader` WHERE reader=70  [ RunTime:0.000000s ]
[ 2015-01-30T15:32:40+08:00 ] /crm/index.php/Index/zhu | SQL: SHOW COLUMNS FROM `crm_title` [ RunTime:0.006001s ]
[ 2015-01-30T15:32:40+08:00 ] /crm/index.php/Index/zhu | SQL: SELECT * FROM `crm_title` WHERE ( `id` NOT IN (0) )  [ RunTime:0.001000s ]
[ 2015-01-30T15:32:40+08:00 ] /crm/index.php/Index/zhu | INFO: Tag[ view_template ] --START--
[ 2015-01-30T15:32:40+08:00 ] /crm/index.php/Index/zhu | INFO: Run LocationTemplate Behavior [ RunTime:0.002000s ]
[ 2015-01-30T15:32:40+08:00 ] /crm/index.php/Index/zhu | INFO: Tag[ view_template ] --END-- [ RunTime:0.003000s ]
[ 2015-01-30T15:32:40+08:00 ] /crm/index.php/Index/zhu | INFO: Tag[ view_parse ] --START--
[ 2015-01-30T15:32:40+08:00 ] /crm/index.php/Index/zhu | NOTIC: [8] Undefined variable: title 2e9d41d2e1c2dc54a203450b65c6b5d9.php 第 9 行.
[ 2015-01-30T15:32:40+08:00 ] /crm/index.php/Index/zhu | INFO: Run ParseTemplate Behavior [ RunTime:0.023001s ]
[ 2015-01-30T15:32:40+08:00 ] /crm/index.php/Index/zhu | INFO: Tag[ view_parse ] --END-- [ RunTime:0.023001s ]
[ 2015-01-30T15:32:40+08:00 ] /crm/index.php/Index/zhu | INFO: Tag[ view_filter ] --START--
[ 2015-01-30T15:32:40+08:00 ] /crm/index.php/Index/zhu | INFO: Run ContentReplace Behavior [ RunTime:0.001000s ]
[ 2015-01-30T15:32:40+08:00 ] /crm/index.php/Index/zhu | INFO: Run TokenBuild Behavior [ RunTime:0.001001s ]
[ 2015-01-30T15:32:40+08:00 ] /crm/index.php/Index/zhu | INFO: Run WriteHtmlCache Behavior [ RunTime:0.001000s ]
[ 2015-01-30T15:32:40+08:00 ] /crm/index.php/Index/zhu | INFO: Run ShowRuntime Behavior [ RunTime:0.001000s ]
[ 2015-01-30T15:32:40+08:00 ] /crm/index.php/Index/zhu | INFO: Tag[ view_filter ] --END-- [ RunTime:0.004001s ]
[ 2015-01-30T15:32:40+08:00 ] /crm/index.php/Index/zhu | INFO: Tag[ view_template ] --START--
[ 2015-01-30T15:32:40+08:00 ] /crm/index.php/Index/zhu | INFO: Run LocationTemplate Behavior [ RunTime:0.000000s ]
[ 2015-01-30T15:32:40+08:00 ] /crm/index.php/Index/zhu | INFO: Tag[ view_template ] --END-- [ RunTime:-0.028002s ]
[ 2015-01-30T15:32:40+08:00 ] /crm/index.php/Index/zhu | INFO: Tag[ view_parse ] --START--
[ 2015-01-30T15:32:40+08:00 ] /crm/index.php/Index/zhu | NOTIC: [8] Undefined variable: title 2e9d41d2e1c2dc54a203450b65c6b5d9.php 第 9 行.
[ 2015-01-30T15:32:40+08:00 ] /crm/index.php/Index/zhu | INFO: Run ParseTemplate Behavior [ RunTime:0.012000s ]
[ 2015-01-30T15:32:40+08:00 ] /crm/index.php/Index/zhu | INFO: Tag[ view_parse ] --END-- [ RunTime:-0.005001s ]
[ 2015-01-30T15:32:40+08:00 ] /crm/index.php/Index/zhu | INFO: Tag[ view_filter ] --START--
[ 2015-01-30T15:32:40+08:00 ] /crm/index.php/Index/zhu | INFO: Run ContentReplace Behavior [ RunTime:0.000000s ]
[ 2015-01-30T15:32:40+08:00 ] /crm/index.php/Index/zhu | INFO: Run TokenBuild Behavior [ RunTime:0.000000s ]
[ 2015-01-30T15:32:40+08:00 ] /crm/index.php/Index/zhu | INFO: Run WriteHtmlCache Behavior [ RunTime:0.000000s ]
[ 2015-01-30T15:32:40+08:00 ] /crm/index.php/Index/zhu | INFO: Run ShowRuntime Behavior [ RunTime:0.000000s ]
[ 2015-01-30T15:32:40+08:00 ] /crm/index.php/Index/zhu | INFO: Tag[ view_filter ] --END-- [ RunTime:-0.014000s ]
[ 2015-01-30T15:32:40+08:00 ] /crm/index.php/Index/zhu | INFO: Tag[ view_end ] --START--
[ 2015-01-30T15:32:40+08:00 ] /crm/index.php/Index/zhu | INFO: Run ShowPageTrace Behavior [ RunTime:0.001001s ]
[ 2015-01-30T15:32:40+08:00 ] /crm/index.php/Index/zhu | INFO: Tag[ view_end ] --END-- [ RunTime:0.001001s ]
[ 2015-01-30T15:32:44+08:00 ] /crm/index.php/Kehu/index | INFO: Tag[ route_check ] --START--
[ 2015-01-30T15:32:44+08:00 ] /crm/index.php/Kehu/index | INFO: Run CheckRoute Behavior [ RunTime:0.002000s ]
[ 2015-01-30T15:32:44+08:00 ] /crm/index.php/Kehu/index | INFO: Tag[ route_check ] --END-- [ RunTime:0.002000s ]
[ 2015-01-30T15:32:44+08:00 ] /crm/index.php/Kehu/index | INFO: Tag[ app_begin ] --START--
[ 2015-01-30T15:32:44+08:00 ] /crm/index.php/Kehu/index | INFO: Run ReadHtmlCache Behavior [ RunTime:0.001000s ]
[ 2015-01-30T15:32:44+08:00 ] /crm/index.php/Kehu/index | INFO: Tag[ app_begin ] --END-- [ RunTime:0.001000s ]
[ 2015-01-30T15:32:44+08:00 ] /crm/index.php/Kehu/index | NOTIC: [2] The magic method __get() must have public visibility and cannot be static Page.php 第 87 行.
[ 2015-01-30T15:32:44+08:00 ] /crm/index.php/Kehu/index | NOTIC: [8] Undefined variable: params KehuAction.class.php 第 13 行.
[ 2015-01-30T15:32:44+08:00 ] /crm/index.php/Kehu/index | SQL: SHOW COLUMNS FROM `crm_user` [ RunTime:0.006000s ]
[ 2015-01-30T15:32:44+08:00 ] /crm/index.php/Kehu/index | SQL: SELECT `uid`,`uname`,`rank`,`department` FROM `crm_user` WHERE department in ("2","8","9")  [ RunTime:0.000000s ]
[ 2015-01-30T15:32:44+08:00 ] /crm/index.php/Kehu/index | SQL: SHOW COLUMNS FROM `crm_protype` [ RunTime:0.005001s ]
[ 2015-01-30T15:32:44+08:00 ] /crm/index.php/Kehu/index | SQL: SELECT `tid`,`parentId`,`labelname`,`path`,concat(path,"-",tid) as bpath FROM `crm_protype` ORDER BY bpath asc  [ RunTime:0.000000s ]
[ 2015-01-30T15:32:44+08:00 ] /crm/index.php/Kehu/index | NOTIC: [8] Undefined index: fg common.php 第 221 行.
[ 2015-01-30T15:32:44+08:00 ] /crm/index.php/Kehu/index | NOTIC: [8] Undefined index: fg common.php 第 221 行.
[ 2015-01-30T15:32:44+08:00 ] /crm/index.php/Kehu/index | NOTIC: [8] Undefined index: fg common.php 第 221 行.
[ 2015-01-30T15:32:44+08:00 ] /crm/index.php/Kehu/index | NOTIC: [8] Undefined index: fg common.php 第 221 行.
[ 2015-01-30T15:32:44+08:00 ] /crm/index.php/Kehu/index | NOTIC: [8] Undefined index: fg common.php 第 221 行.
[ 2015-01-30T15:32:44+08:00 ] /crm/index.php/Kehu/index | NOTIC: [8] Undefined index: fg common.php 第 221 行.
[ 2015-01-30T15:32:44+08:00 ] /crm/index.php/Kehu/index | NOTIC: [8] Undefined index: fg common.php 第 221 行.
[ 2015-01-30T15:32:44+08:00 ] /crm/index.php/Kehu/index | NOTIC: [8] Undefined index: fg common.php 第 221 行.
[ 2015-01-30T15:32:44+08:00 ] /crm/index.php/Kehu/index | NOTIC: [8] Undefined index: fg common.php 第 221 行.
[ 2015-01-30T15:32:44+08:00 ] /crm/index.php/Kehu/index | NOTIC: [8] Undefined index: fg common.php 第 221 行.
[ 2015-01-30T15:32:44+08:00 ] /crm/index.php/Kehu/index | NOTIC: [8] Undefined index: fg common.php 第 221 行.
[ 2015-01-30T15:32:44+08:00 ] /crm/index.php/Kehu/index | NOTIC: [8] Undefined index: fg common.php 第 221 行.
[ 2015-01-30T15:32:44+08:00 ] /crm/index.php/Kehu/index | NOTIC: [8] Undefined index: fg common.php 第 221 行.
[ 2015-01-30T15:32:44+08:00 ] /crm/index.php/Kehu/index | NOTIC: [8] Undefined index: fg common.php 第 221 行.
[ 2015-01-30T15:32:44+08:00 ] /crm/index.php/Kehu/index | NOTIC: [8] Undefined index: fg common.php 第 221 行.
[ 2015-01-30T15:32:44+08:00 ] /crm/index.php/Kehu/index | NOTIC: [8] Undefined index: fg common.php 第 221 行.
[ 2015-01-30T15:32:44+08:00 ] /crm/index.php/Kehu/index | NOTIC: [8] Undefined index: fg common.php 第 221 行.
[ 2015-01-30T15:32:44+08:00 ] /crm/index.php/Kehu/index | NOTIC: [8] Undefined index: fg common.php 第 221 行.
[ 2015-01-30T15:32:44+08:00 ] /crm/index.php/Kehu/index | NOTIC: [8] Undefined index: fg common.php 第 221 行.
[ 2015-01-30T15:32:44+08:00 ] /crm/index.php/Kehu/index | NOTIC: [8] Undefined index: fg common.php 第 221 行.
[ 2015-01-30T15:32:44+08:00 ] /crm/index.php/Kehu/index | NOTIC: [8] Undefined index: fg common.php 第 221 行.
[ 2015-01-30T15:32:44+08:00 ] /crm/index.php/Kehu/index | NOTIC: [8] Undefined index: fg common.php 第 221 行.
[ 2015-01-30T15:32:44+08:00 ] /crm/index.php/Kehu/index | NOTIC: [8] Undefined index: fg common.php 第 221 行.
[ 2015-01-30T15:32:44+08:00 ] /crm/index.php/Kehu/index | NOTIC: [8] Undefined index: fg common.php 第 221 行.
[ 2015-01-30T15:32:44+08:00 ] /crm/index.php/Kehu/index | NOTIC: [8] Undefined index: fg common.php 第 221 行.
[ 2015-01-30T15:32:44+08:00 ] /crm/index.php/Kehu/index | NOTIC: [8] Undefined index: fg common.php 第 221 行.
[ 2015-01-30T15:32:44+08:00 ] /crm/index.php/Kehu/index | NOTIC: [8] Undefined index: fg common.php 第 221 行.
[ 2015-01-30T15:32:44+08:00 ] /crm/index.php/Kehu/index | NOTIC: [8] Undefined index: fg common.php 第 221 行.
[ 2015-01-30T15:32:44+08:00 ] /crm/index.php/Kehu/index | NOTIC: [8] Undefined index: fg common.php 第 221 行.
[ 2015-01-30T15:32:44+08:00 ] /crm/index.php/Kehu/index | NOTIC: [8] Undefined index: fg common.php 第 221 行.
[ 2015-01-30T15:32:44+08:00 ] /crm/index.php/Kehu/index | NOTIC: [8] Undefined index: fg common.php 第 221 行.
[ 2015-01-30T15:32:44+08:00 ] /crm/index.php/Kehu/index | NOTIC: [8] Undefined index: fg common.php 第 221 行.
[ 2015-01-30T15:32:44+08:00 ] /crm/index.php/Kehu/index | NOTIC: [8] Undefined index: fg common.php 第 221 行.
[ 2015-01-30T15:32:44+08:00 ] /crm/index.php/Kehu/index | NOTIC: [8] Undefined index: fg common.php 第 221 行.
[ 2015-01-30T15:32:44+08:00 ] /crm/index.php/Kehu/index | NOTIC: [8] Undefined index: fg common.php 第 221 行.
[ 2015-01-30T15:32:44+08:00 ] /crm/index.php/Kehu/index | NOTIC: [8] Undefined index: fg common.php 第 221 行.
[ 2015-01-30T15:32:44+08:00 ] /crm/index.php/Kehu/index | NOTIC: [8] Undefined index: fg common.php 第 221 行.
[ 2015-01-30T15:32:44+08:00 ] /crm/index.php/Kehu/index | NOTIC: [8] Undefined index: fg common.php 第 221 行.
[ 2015-01-30T15:32:44+08:00 ] /crm/index.php/Kehu/index | NOTIC: [8] Undefined index: fg common.php 第 221 行.
[ 2015-01-30T15:32:44+08:00 ] /crm/index.php/Kehu/index | NOTIC: [8] Undefined index: fg common.php 第 221 行.
[ 2015-01-30T15:32:44+08:00 ] /crm/index.php/Kehu/index | NOTIC: [8] Undefined index: fg common.php 第 221 行.
[ 2015-01-30T15:32:44+08:00 ] /crm/index.php/Kehu/index | NOTIC: [8] Undefined index: fg common.php 第 221 行.
[ 2015-01-30T15:32:44+08:00 ] /crm/index.php/Kehu/index | NOTIC: [8] Undefined index: fg common.php 第 221 行.
[ 2015-01-30T15:32:44+08:00 ] /crm/index.php/Kehu/index | NOTIC: [8] Undefined index: fg common.php 第 221 行.
[ 2015-01-30T15:32:44+08:00 ] /crm/index.php/Kehu/index | NOTIC: [8] Undefined index: fg common.php 第 221 行.
[ 2015-01-30T15:32:44+08:00 ] /crm/index.php/Kehu/index | NOTIC: [8] Undefined index: fg common.php 第 221 行.
[ 2015-01-30T15:32:44+08:00 ] /crm/index.php/Kehu/index | NOTIC: [8] Undefined index: fg common.php 第 221 行.
[ 2015-01-30T15:32:44+08:00 ] /crm/index.php/Kehu/index | NOTIC: [8] Undefined index: fg common.php 第 221 行.
[ 2015-01-30T15:32:44+08:00 ] /crm/index.php/Kehu/index | NOTIC: [8] Undefined index: fg common.php 第 221 行.
[ 2015-01-30T15:32:44+08:00 ] /crm/index.php/Kehu/index | NOTIC: [8] Undefined index: fg common.php 第 221 行.
[ 2015-01-30T15:32:44+08:00 ] /crm/index.php/Kehu/index | NOTIC: [8] Undefined index: fg common.php 第 221 行.
[ 2015-01-30T15:32:44+08:00 ] /crm/index.php/Kehu/index | NOTIC: [8] Undefined index: fg common.php 第 221 行.
[ 2015-01-30T15:32:44+08:00 ] /crm/index.php/Kehu/index | NOTIC: [8] Undefined index: fg common.php 第 221 行.
[ 2015-01-30T15:32:44+08:00 ] /crm/index.php/Kehu/index | NOTIC: [8] Undefined index: fg common.php 第 221 行.
[ 2015-01-30T15:32:44+08:00 ] /crm/index.php/Kehu/index | NOTIC: [8] Undefined index: fg common.php 第 221 行.
[ 2015-01-30T15:32:44+08:00 ] /crm/index.php/Kehu/index | NOTIC: [8] Undefined index: fg common.php 第 221 行.
[ 2015-01-30T15:32:44+08:00 ] /crm/index.php/Kehu/index | NOTIC: [8] Undefined index: fg common.php 第 221 行.
[ 2015-01-30T15:32:44+08:00 ] /crm/index.php/Kehu/index | NOTIC: [8] Undefined index: fg common.php 第 221 行.
[ 2015-01-30T15:32:44+08:00 ] /crm/index.php/Kehu/index | NOTIC: [8] Undefined index: fg common.php 第 221 行.
[ 2015-01-30T15:32:44+08:00 ] /crm/index.php/Kehu/index | NOTIC: [8] Undefined index: fg common.php 第 221 行.
[ 2015-01-30T15:32:44+08:00 ] /crm/index.php/Kehu/index | NOTIC: [8] Undefined index: fg common.php 第 221 行.
[ 2015-01-30T15:32:44+08:00 ] /crm/index.php/Kehu/index | NOTIC: [8] Undefined index: fg common.php 第 221 行.
[ 2015-01-30T15:32:44+08:00 ] /crm/index.php/Kehu/index | NOTIC: [8] Undefined index: fg common.php 第 221 行.
[ 2015-01-30T15:32:44+08:00 ] /crm/index.php/Kehu/index | NOTIC: [8] Undefined index: fg common.php 第 221 行.
[ 2015-01-30T15:32:44+08:00 ] /crm/index.php/Kehu/index | NOTIC: [8] Undefined index: fg common.php 第 221 行.
[ 2015-01-30T15:32:44+08:00 ] /crm/index.php/Kehu/index | NOTIC: [8] Undefined index: fg common.php 第 221 行.
[ 2015-01-30T15:32:44+08:00 ] /crm/index.php/Kehu/index | NOTIC: [8] Undefined index: fg common.php 第 221 行.
[ 2015-01-30T15:32:44+08:00 ] /crm/index.php/Kehu/index | NOTIC: [8] Undefined index: fg common.php 第 221 行.
[ 2015-01-30T15:32:44+08:00 ] /crm/index.php/Kehu/index | NOTIC: [8] Undefined index: fg common.php 第 221 行.
[ 2015-01-30T15:32:44+08:00 ] /crm/index.php/Kehu/index | NOTIC: [8] Undefined index: fg common.php 第 221 行.
[ 2015-01-30T15:32:44+08:00 ] /crm/index.php/Kehu/index | NOTIC: [8] Undefined index: fg common.php 第 221 行.
[ 2015-01-30T15:32:44+08:00 ] /crm/index.php/Kehu/index | NOTIC: [8] Undefined index: fg common.php 第 221 行.
[ 2015-01-30T15:32:44+08:00 ] /crm/index.php/Kehu/index | NOTIC: [8] Undefined index: fg common.php 第 221 行.
[ 2015-01-30T15:32:44+08:00 ] /crm/index.php/Kehu/index | NOTIC: [8] Undefined index: fg common.php 第 221 行.
[ 2015-01-30T15:32:44+08:00 ] /crm/index.php/Kehu/index | NOTIC: [8] Undefined index: fg common.php 第 221 行.
[ 2015-01-30T15:32:44+08:00 ] /crm/index.php/Kehu/index | NOTIC: [8] Undefined index: fg common.php 第 221 行.
[ 2015-01-30T15:32:44+08:00 ] /crm/index.php/Kehu/index | NOTIC: [8] Undefined index: fg common.php 第 221 行.
[ 2015-01-30T15:32:44+08:00 ] /crm/index.php/Kehu/index | INFO: Tag[ view_template ] --START--
[ 2015-01-30T15:32:44+08:00 ] /crm/index.php/Kehu/index | INFO: Run LocationTemplate Behavior [ RunTime:0.001000s ]
[ 2015-01-30T15:32:44+08:00 ] /crm/index.php/Kehu/index | INFO: Tag[ view_template ] --END-- [ RunTime:0.002000s ]
[ 2015-01-30T15:32:44+08:00 ] /crm/index.php/Kehu/index | INFO: Tag[ view_parse ] --START--
[ 2015-01-30T15:32:44+08:00 ] /crm/index.php/Kehu/index | NOTIC: [8] Undefined variable: title 0955c44da2e862e9115bb8ca32aeffc8.php 第 9 行.
[ 2015-01-30T15:32:44+08:00 ] /crm/index.php/Kehu/index | NOTIC: [8] Undefined index: fg 0955c44da2e862e9115bb8ca32aeffc8.php 第 38 行.
[ 2015-01-30T15:32:44+08:00 ] /crm/index.php/Kehu/index | NOTIC: [8] Undefined index: fg 0955c44da2e862e9115bb8ca32aeffc8.php 第 38 行.
[ 2015-01-30T15:32:44+08:00 ] /crm/index.php/Kehu/index | NOTIC: [8] Undefined index: fg 0955c44da2e862e9115bb8ca32aeffc8.php 第 38 行.
[ 2015-01-30T15:32:44+08:00 ] /crm/index.php/Kehu/index | NOTIC: [8] Undefined index: fg 0955c44da2e862e9115bb8ca32aeffc8.php 第 38 行.
[ 2015-01-30T15:32:44+08:00 ] /crm/index.php/Kehu/index | NOTIC: [8] Undefined index: fg 0955c44da2e862e9115bb8ca32aeffc8.php 第 38 行.
[ 2015-01-30T15:32:44+08:00 ] /crm/index.php/Kehu/index | NOTIC: [8] Undefined index: fg 0955c44da2e862e9115bb8ca32aeffc8.php 第 38 行.
[ 2015-01-30T15:32:44+08:00 ] /crm/index.php/Kehu/index | NOTIC: [8] Undefined index: fg 0955c44da2e862e9115bb8ca32aeffc8.php 第 38 行.
[ 2015-01-30T15:32:44+08:00 ] /crm/index.php/Kehu/index | NOTIC: [8] Undefined variable:  0955c44da2e862e9115bb8ca32aeffc8.php 第 45 行.
[ 2015-01-30T15:32:44+08:00 ] /crm/index.php/Kehu/index | NOTIC: [8] Undefined variable:  0955c44da2e862e9115bb8ca32aeffc8.php 第 48 行.
[ 2015-01-30T15:32:44+08:00 ] /crm/index.php/Kehu/index | NOTIC: [8] Undefined variable: Think 0955c44da2e862e9115bb8ca32aeffc8.php 第 77 行.
[ 2015-01-30T15:32:44+08:00 ] /crm/index.php/Kehu/index | NOTIC: [8] Undefined variable: Think 0955c44da2e862e9115bb8ca32aeffc8.php 第 77 行.
[ 2015-01-30T15:32:44+08:00 ] /crm/index.php/Kehu/index | NOTIC: [8] Undefined variable: Think 0955c44da2e862e9115bb8ca32aeffc8.php 第 77 行.
[ 2015-01-30T15:32:44+08:00 ] /crm/index.php/Kehu/index | NOTIC: [8] Undefined variable: Think 0955c44da2e862e9115bb8ca32aeffc8.php 第 77 行.
[ 2015-01-30T15:32:44+08:00 ] /crm/index.php/Kehu/index | NOTIC: [8] Undefined variable: Think 0955c44da2e862e9115bb8ca32aeffc8.php 第 77 行.
[ 2015-01-30T15:32:44+08:00 ] /crm/index.php/Kehu/index | NOTIC: [8] Undefined variable: Think 0955c44da2e862e9115bb8ca32aeffc8.php 第 77 行.
[ 2015-01-30T15:32:44+08:00 ] /crm/index.php/Kehu/index | NOTIC: [8] Undefined variable: Think 0955c44da2e862e9115bb8ca32aeffc8.php 第 77 行.
[ 2015-01-30T15:32:44+08:00 ] /crm/index.php/Kehu/index | NOTIC: [8] Undefined variable: Think 0955c44da2e862e9115bb8ca32aeffc8.php 第 77 行.
[ 2015-01-30T15:32:44+08:00 ] /crm/index.php/Kehu/index | NOTIC: [8] Undefined variable: Think 0955c44da2e862e9115bb8ca32aeffc8.php 第 77 行.
[ 2015-01-30T15:32:44+08:00 ] /crm/index.php/Kehu/index | NOTIC: [8] Undefined variable: Think 0955c44da2e862e9115bb8ca32aeffc8.php 第 77 行.
[ 2015-01-30T15:32:44+08:00 ] /crm/index.php/Kehu/index | NOTIC: [8] Undefined variable: Think 0955c44da2e862e9115bb8ca32aeffc8.php 第 77 行.
[ 2015-01-30T15:32:44+08:00 ] /crm/index.php/Kehu/index | NOTIC: [8] Undefined variable: Think 0955c44da2e862e9115bb8ca32aeffc8.php 第 77 行.
[ 2015-01-30T15:32:44+08:00 ] /crm/index.php/Kehu/index | NOTIC: [8] Undefined variable: Think 0955c44da2e862e9115bb8ca32aeffc8.php 第 77 行.
[ 2015-01-30T15:32:44+08:00 ] /crm/index.php/Kehu/index | NOTIC: [8] Undefined variable: Think 0955c44da2e862e9115bb8ca32aeffc8.php 第 77 行.
[ 2015-01-30T15:32:44+08:00 ] /crm/index.php/Kehu/index | NOTIC: [8] Undefined variable: Think 0955c44da2e862e9115bb8ca32aeffc8.php 第 77 行.
[ 2015-01-30T15:32:44+08:00 ] /crm/index.php/Kehu/index | NOTIC: [8] Undefined variable: Think 0955c44da2e862e9115bb8ca32aeffc8.php 第 77 行.
[ 2015-01-30T15:32:44+08:00 ] /crm/index.php/Kehu/index | NOTIC: [8] Undefined variable: Think 0955c44da2e862e9115bb8ca32aeffc8.php 第 77 行.
[ 2015-01-30T15:32:44+08:00 ] /crm/index.php/Kehu/index | NOTIC: [8] Undefined variable: Think 0955c44da2e862e9115bb8ca32aeffc8.php 第 112 行.
[ 2015-01-30T15:32:44+08:00 ] /crm/index.php/Kehu/index | NOTIC: [8] Undefined variable: Think 0955c44da2e862e9115bb8ca32aeffc8.php 第 112 行.
[ 2015-01-30T15:32:44+08:00 ] /crm/index.php/Kehu/index | NOTIC: [8] Undefined variable: Think 0955c44da2e862e9115bb8ca32aeffc8.php 第 112 行.
[ 2015-01-30T15:32:44+08:00 ] /crm/index.php/Kehu/index | NOTIC: [8] Undefined variable: Think 0955c44da2e862e9115bb8ca32aeffc8.php 第 112 行.
[ 2015-01-30T15:32:44+08:00 ] /crm/index.php/Kehu/index | NOTIC: [8] Undefined variable: Think 0955c44da2e862e9115bb8ca32aeffc8.php 第 112 行.
[ 2015-01-30T15:32:44+08:00 ] /crm/index.php/Kehu/index | NOTIC: [8] Undefined variable: Think 0955c44da2e862e9115bb8ca32aeffc8.php 第 112 行.
[ 2015-01-30T15:32:44+08:00 ] /crm/index.php/Kehu/index | NOTIC: [8] Undefined variable: Think 0955c44da2e862e9115bb8ca32aeffc8.php 第 112 行.
[ 2015-01-30T15:32:44+08:00 ] /crm/index.php/Kehu/index | NOTIC: [8] Undefined variable: Think 0955c44da2e862e9115bb8ca32aeffc8.php 第 112 行.
[ 2015-01-30T15:32:44+08:00 ] /crm/index.php/Kehu/index | NOTIC: [8] Undefined variable: Think 0955c44da2e862e9115bb8ca32aeffc8.php 第 112 行.
[ 2015-01-30T15:32:44+08:00 ] /crm/index.php/Kehu/index | NOTIC: [8] Undefined variable: Think 0955c44da2e862e9115bb8ca32aeffc8.php 第 112 行.
[ 2015-01-30T15:32:44+08:00 ] /crm/index.php/Kehu/index | NOTIC: [8] Undefined variable: Think 0955c44da2e862e9115bb8ca32aeffc8.php 第 112 行.
[ 2015-01-30T15:32:44+08:00 ] /crm/index.php/Kehu/index | NOTIC: [8] Undefined variable: Think 0955c44da2e862e9115bb8ca32aeffc8.php 第 112 行.
[ 2015-01-30T15:32:44+08:00 ] /crm/index.php/Kehu/index | NOTIC: [8] Undefined variable: Think 0955c44da2e862e9115bb8ca32aeffc8.php 第 112 行.
[ 2015-01-30T15:32:44+08:00 ] /crm/index.php/Kehu/index | NOTIC: [8] Undefined variable: Think 0955c44da2e862e9115bb8ca32aeffc8.php 第 112 行.
[ 2015-01-30T15:32:44+08:00 ] /crm/index.php/Kehu/index | NOTIC: [8] Undefined variable: Think 0955c44da2e862e9115bb8ca32aeffc8.php 第 112 行.
[ 2015-01-30T15:32:44+08:00 ] /crm/index.php/Kehu/index | NOTIC: [8] Undefined variable: Think 0955c44da2e862e9115bb8ca32aeffc8.php 第 112 行.
[ 2015-01-30T15:32:44+08:00 ] /crm/index.php/Kehu/index | NOTIC: [8] Undefined variable: Think 0955c44da2e862e9115bb8ca32aeffc8.php 第 112 行.
[ 2015-01-30T15:32:44+08:00 ] /crm/index.php/Kehu/index | INFO: Run ParseTemplate Behavior [ RunTime:0.038002s ]
[ 2015-01-30T15:32:44+08:00 ] /crm/index.php/Kehu/index | INFO: Tag[ view_parse ] --END-- [ RunTime:0.038002s ]
[ 2015-01-30T15:32:44+08:00 ] /crm/index.php/Kehu/index | INFO: Tag[ view_filter ] --START--
[ 2015-01-30T15:32:44+08:00 ] /crm/index.php/Kehu/index | INFO: Run ContentReplace Behavior [ RunTime:0.001000s ]
[ 2015-01-30T15:32:44+08:00 ] /crm/index.php/Kehu/index | INFO: Run TokenBuild Behavior [ RunTime:0.002000s ]
[ 2015-01-30T15:32:44+08:00 ] /crm/index.php/Kehu/index | INFO: Run WriteHtmlCache Behavior [ RunTime:0.000000s ]
[ 2015-01-30T15:32:44+08:00 ] /crm/index.php/Kehu/index | INFO: Run ShowRuntime Behavior [ RunTime:0.002001s ]
[ 2015-01-30T15:32:44+08:00 ] /crm/index.php/Kehu/index | INFO: Tag[ view_filter ] --END-- [ RunTime:0.005001s ]
[ 2015-01-30T15:32:44+08:00 ] /crm/index.php/Kehu/index | INFO: Tag[ view_end ] --START--
[ 2015-01-30T15:32:44+08:00 ] /crm/index.php/Kehu/index | INFO: Run ShowPageTrace Behavior [ RunTime:0.001000s ]
[ 2015-01-30T15:32:44+08:00 ] /crm/index.php/Kehu/index | INFO: Tag[ view_end ] --END-- [ RunTime:0.001000s ]
